0	81	M81:OPTICAL_FLOW.flow_comp_m_x	0.00859004
0	81	M81:OPTICAL_FLOW.flow_comp_m_y	0.00892461
99	81	M81:OPTICAL_FLOW.flow_comp_m_x	0.00572416
99	81	M81:OPTICAL_FLOW.flow_comp_m_y	0.00922954
194	81	M81:OPTICAL_FLOW.flow_comp_m_x	0.00687962
194	81	M81:OPTICAL_FLOW.flow_comp_m_y	0.00474794
295	81	M81:OPTICAL_FLOW.flow_comp_m_x	0.011872
295	81	M81:OPTICAL_FLOW.flow_comp_m_y	0.0116023
388	81	M81:OPTICAL_FLOW.flow_comp_m_x	0.0126282
388	81	M81:OPTICAL_FLOW.flow_comp_m_y	0.0149476
489	81	M81:OPTICAL_FLOW.flow_comp_m_x	0.0171901
489	81	M81:OPTICAL_FLOW.flow_comp_m_y	0.0128762
590	81	M81:OPTICAL_FLOW.flow_comp_m_x	0.00500543
590	81	M81:OPTICAL_FLOW.flow_comp_m_y	0.00364981
683	81	M81:OPTICAL_FLOW.flow_comp_m_x	0.00462281
683	81	M81:OPTICAL_FLOW.flow_comp_m_y	0.0023316
785	81	M81:OPTICAL_FLOW.flow_comp_m_x	0.00209708
785	81	M81:OPTICAL_FLOW.flow_comp_m_y	0.00126476
885	81	M81:OPTICAL_FLOW.flow_comp_m_x	0.00955869
885	81	M81:OPTICAL_FLOW.flow_comp_m_y	0.0102995
979	81	M81:OPTICAL_FLOW.flow_comp_m_x	0.0100509
979	81	M81:OPTICAL_FLOW.flow_comp_m_y	0.00790037
1080	81	M81:OPTICAL_FLOW.flow_comp_m_x	0.00110197
1080	81	M81:OPTICAL_FLOW.flow_comp_m_y	0.00346755
1179	81	M81:OPTICAL_FLOW.flow_comp_m_x	0.00983266
1179	81	M81:OPTICAL_FLOW.flow_comp_m_y	0.00699522
1274	81	M81:OPTICAL_FLOW.flow_comp_m_x	0.0141495
1274	81	M81:OPTICAL_FLOW.flow_comp_m_y	0.0149851
1376	81	M81:OPTICAL_FLOW.flow_comp_m_x	0.0181638
1376	81	M81:OPTICAL_FLOW.flow_comp_m_y	0.0131859
1477	81	M81:OPTICAL_FLOW.flow_comp_m_x	0.0157304
1477	81	M81:OPTICAL_FLOW.flow_comp_m_y	0.0117669
1570	81	M81:OPTICAL_FLOW.flow_comp_m_x	0.0137269
1570	81	M81:OPTICAL_FLOW.flow_comp_m_y	0.00855467
1670	81	M81:OPTICAL_FLOW.flow_comp_m_x	0.00829158
1670	81	M81:OPTICAL_FLOW.flow_comp_m_y	0.00570286
1773	81	M81:OPTICAL_FLOW.flow_comp_m_x	0.00314274
1773	81	M81:OPTICAL_FLOW.flow_comp_m_y	0.00317151
1865	81	M81:OPTICAL_FLOW.flow_comp_m_x	0.0152492
1865	81	M81:OPTICAL_FLOW.flow_comp_m_y	0.0128148
1967	81	M81:OPTICAL_FLOW.flow_comp_m_x	0.0163715
1967	81	M81:OPTICAL_FLOW.flow_comp_m_y	0.0084747
2066	81	M81:OPTICAL_FLOW.flow_comp_m_x	0.020633
2066	81	M81:OPTICAL_FLOW.flow_comp_m_y	0.00854987
2161	81	M81:OPTICAL_FLOW.flow_comp_m_x	0.0135692
2161	81	M81:OPTICAL_FLOW.flow_comp_m_y	0.0132576
2262	81	M81:OPTICAL_FLOW.flow_comp_m_x	0.0162755
2262	81	M81:OPTICAL_FLOW.flow_comp_m_y	0.0215562
2362	81	M81:OPTICAL_FLOW.flow_comp_m_x	0.012239
2362	81	M81:OPTICAL_FLOW.flow_comp_m_y	0.0110415
2457	81	M81:OPTICAL_FLOW.flow_comp_m_x	0.014875
2457	81	M81:OPTICAL_FLOW.flow_comp_m_y	0.00356294
2558	81	M81:OPTICAL_FLOW.flow_comp_m_x	0.0184137
2558	81	M81:OPTICAL_FLOW.flow_comp_m_y	0.0167063
2658	81	M81:OPTICAL_FLOW.flow_comp_m_x	0.00606574
2658	81	M81:OPTICAL_FLOW.flow_comp_m_y	0.0122146
2752	81	M81:OPTICAL_FLOW.flow_comp_m_x	0.0168646
2752	81	M81:OPTICAL_FLOW.flow_comp_m_y	0.0115681
2852	81	M81:OPTICAL_FLOW.flow_comp_m_x	0.0192388
2852	81	M81:OPTICAL_FLOW.flow_comp_m_y	0.0174212
2953	81	M81:OPTICAL_FLOW.flow_comp_m_x	0.0179283
2953	81	M81:OPTICAL_FLOW.flow_comp_m_y	0.018208
3048	81	M81:OPTICAL_FLOW.flow_comp_m_x	0.0131361
3048	81	M81:OPTICAL_FLOW.flow_comp_m_y	0.0157982
3148	81	M81:OPTICAL_FLOW.flow_comp_m_x	0.010963
3148	81	M81:OPTICAL_FLOW.flow_comp_m_y	0.00889724
3248	81	M81:OPTICAL_FLOW.flow_comp_m_x	0.0102367
3248	81	M81:OPTICAL_FLOW.flow_comp_m_y	0.0118428
3343	81	M81:OPTICAL_FLOW.flow_comp_m_x	0.0104135
3343	81	M81:OPTICAL_FLOW.flow_comp_m_y	0.00925509
3444	81	M81:OPTICAL_FLOW.flow_comp_m_x	0.0116741
3444	81	M81:OPTICAL_FLOW.flow_comp_m_y	0.0117226
3537	81	M81:OPTICAL_FLOW.flow_comp_m_x	0.00800581
3537	81	M81:OPTICAL_FLOW.flow_comp_m_y	0.00532148
3639	81	M81:OPTICAL_FLOW.flow_comp_m_x	0.0021382
3639	81	M81:OPTICAL_FLOW.flow_comp_m_y	0.00335501
3740	81	M81:OPTICAL_FLOW.flow_comp_m_x	0.00965996
3740	81	M81:OPTICAL_FLOW.flow_comp_m_y	0.0104016
3833	81	M81:OPTICAL_FLOW.flow_comp_m_x	0.0131939
3833	81	M81:OPTICAL_FLOW.flow_comp_m_y	0.0113179
3934	81	M81:OPTICAL_FLOW.flow_comp_m_x	0.0145798
3934	81	M81:OPTICAL_FLOW.flow_comp_m_y	0.00870652
4035	81	M81:OPTICAL_FLOW.flow_comp_m_x	0.0190832
4035	81	M81:OPTICAL_FLOW.flow_comp_m_y	0.0146589
4128	81	M81:OPTICAL_FLOW.flow_comp_m_x	0.0132627
4128	81	M81:OPTICAL_FLOW.flow_comp_m_y	0.0140509
4230	81	M81:OPTICAL_FLOW.flow_comp_m_x	0.0105421
4230	81	M81:OPTICAL_FLOW.flow_comp_m_y	0.00994901
4329	81	M81:OPTICAL_FLOW.flow_comp_m_x	0.00818992
4329	81	M81:OPTICAL_FLOW.flow_comp_m_y	0.00764786
4424	81	M81:OPTICAL_FLOW.flow_comp_m_x	0.0125964
4424	81	M81:OPTICAL_FLOW.flow_comp_m_y	0.0112346
4526	81	M81:OPTICAL_FLOW.flow_comp_m_x	0.00877296
4526	81	M81:OPTICAL_FLOW.flow_comp_m_y	0.00817121
4625	81	M81:OPTICAL_FLOW.flow_comp_m_x	0.000751396
4625	81	M81:OPTICAL_FLOW.flow_comp_m_y	0.000731277
4720	81	M81:OPTICAL_FLOW.flow_comp_m_x	0.0159654
4720	81	M81:OPTICAL_FLOW.flow_comp_m_y	0.0152813
4820	81	M81:OPTICAL_FLOW.flow_comp_m_x	0.0131836
4820	81	M81:OPTICAL_FLOW.flow_comp_m_y	0.00976241
4922	81	M81:OPTICAL_FLOW.flow_comp_m_x	0.0125876
4922	81	M81:OPTICAL_FLOW.flow_comp_m_y	0.00914127
5015	81	M81:OPTICAL_FLOW.flow_comp_m_x	0.009731
5015	81	M81:OPTICAL_FLOW.flow_comp_m_y	0.00883242
5116	81	M81:OPTICAL_FLOW.flow_comp_m_x	0.0128315
5116	81	M81:OPTICAL_FLOW.flow_comp_m_y	0.0126846
5218	81	M81:OPTICAL_FLOW.flow_comp_m_x	0.00852351
5218	81	M81:OPTICAL_FLOW.flow_comp_m_y	0.0105066
5311	81	M81:OPTICAL_FLOW.flow_comp_m_x	0.00677377
5311	81	M81:OPTICAL_FLOW.flow_comp_m_y	0.00944032
5412	81	M81:OPTICAL_FLOW.flow_comp_m_x	0.00651461
5412	81	M81:OPTICAL_FLOW.flow_comp_m_y	0.00813348
5511	81	M81:OPTICAL_FLOW.flow_comp_m_x	0.00813866
5511	81	M81:OPTICAL_FLOW.flow_comp_m_y	0.00779117
5606	81	M81:OPTICAL_FLOW.flow_comp_m_x	0.0036321
5606	81	M81:OPTICAL_FLOW.flow_comp_m_y	0.00487762
5708	81	M81:OPTICAL_FLOW.flow_comp_m_x	0.00280709
5708	81	M81:OPTICAL_FLOW.flow_comp_m_y	0.00564758
5807	81	M81:OPTICAL_FLOW.flow_comp_m_x	0.0187661
5807	81	M81:OPTICAL_FLOW.flow_comp_m_y	0.0208361
5902	81	M81:OPTICAL_FLOW.flow_comp_m_x	0.0129628
5902	81	M81:OPTICAL_FLOW.flow_comp_m_y	0.00880067
6003	81	M81:OPTICAL_FLOW.flow_comp_m_x	0.0109205
6003	81	M81:OPTICAL_FLOW.flow_comp_m_y	0.00791892
6104	81	M81:OPTICAL_FLOW.flow_comp_m_x	0.0128542
6104	81	M81:OPTICAL_FLOW.flow_comp_m_y	0.0107905
6197	81	M81:OPTICAL_FLOW.flow_comp_m_x	0.017259
6197	81	M81:OPTICAL_FLOW.flow_comp_m_y	0.0129616
6297	81	M81:OPTICAL_FLOW.flow_comp_m_x	0.0120056
6297	81	M81:OPTICAL_FLOW.flow_comp_m_y	0.0115874
6398	81	M81:OPTICAL_FLOW.flow_comp_m_x	0.00864256
6398	81	M81:OPTICAL_FLOW.flow_comp_m_y	0.010745
6493	81	M81:OPTICAL_FLOW.flow_comp_m_x	0.00531629
6493	81	M81:OPTICAL_FLOW.flow_comp_m_y	0.00742369
6594	81	M81:OPTICAL_FLOW.flow_comp_m_x	0.00271342
6594	81	M81:OPTICAL_FLOW.flow_comp_m_y	0.00296617
6687	81	M81:OPTICAL_FLOW.flow_comp_m_x	0.00963608
6687	81	M81:OPTICAL_FLOW.flow_comp_m_y	0.00782885
6789	81	M81:OPTICAL_FLOW.flow_comp_m_x	0.0184046
6789	81	M81:OPTICAL_FLOW.flow_comp_m_y	0.0117066
6890	81	M81:OPTICAL_FLOW.flow_comp_m_x	0.00532839
6890	81	M81:OPTICAL_FLOW.flow_comp_m_y	0.00904095
6983	81	M81:OPTICAL_FLOW.flow_comp_m_x	0.00586495
6983	81	M81:OPTICAL_FLOW.flow_comp_m_y	0.00706954
7084	81	M81:OPTICAL_FLOW.flow_comp_m_x	0.00581756
7084	81	M81:OPTICAL_FLOW.flow_comp_m_y	0.00612898
7185	81	M81:OPTICAL_FLOW.flow_comp_m_x	0.00860805
7185	81	M81:OPTICAL_FLOW.flow_comp_m_y	0.00991235
7278	81	M81:OPTICAL_FLOW.flow_comp_m_x	0.0122127
7278	81	M81:OPTICAL_FLOW.flow_comp_m_y	0.0113014
7380	81	M81:OPTICAL_FLOW.flow_comp_m_x	0.0116649
7380	81	M81:OPTICAL_FLOW.flow_comp_m_y	0.0110552
7480	81	M81:OPTICAL_FLOW.flow_comp_m_x	0.00657245
7480	81	M81:OPTICAL_FLOW.flow_comp_m_y	0.00765605
7574	81	M81:OPTICAL_FLOW.flow_comp_m_x	0.00518959
7574	81	M81:OPTICAL_FLOW.flow_comp_m_y	0.00365037
7674	81	M81:OPTICAL_FLOW.flow_comp_m_x	0.00219155
7674	81	M81:OPTICAL_FLOW.flow_comp_m_y	0.00316279
7774	81	M81:OPTICAL_FLOW.flow_comp_m_x	0.00516313
7774	81	M81:OPTICAL_FLOW.flow_comp_m_y	0.0056367
7869	81	M81:OPTICAL_FLOW.flow_comp_m_x	0.0128445
7869	81	M81:OPTICAL_FLOW.flow_comp_m_y	0.00732556
7971	81	M81:OPTICAL_FLOW.flow_comp_m_x	0.0114552
7971	81	M81:OPTICAL_FLOW.flow_comp_m_y	0.00907408
8071	81	M81:OPTICAL_FLOW.flow_comp_m_x	0.0104276
8071	81	M81:OPTICAL_FLOW.flow_comp_m_y	0.00757735
8165	81	M81:OPTICAL_FLOW.flow_comp_m_x	0.0113412
8165	81	M81:OPTICAL_FLOW.flow_comp_m_y	0.00892653
8265	81	M81:OPTICAL_FLOW.flow_comp_m_x	0.0125762
8265	81	M81:OPTICAL_FLOW.flow_comp_m_y	0.0123488
8368	81	M81:OPTICAL_FLOW.flow_comp_m_x	0.0116936
8368	81	M81:OPTICAL_FLOW.flow_comp_m_y	0.00865899
8461	81	M81:OPTICAL_FLOW.flow_comp_m_x	0.00999505
8461	81	M81:OPTICAL_FLOW.flow_comp_m_y	0.00957664
8562	81	M81:OPTICAL_FLOW.flow_comp_m_x	0.0104913
8562	81	M81:OPTICAL_FLOW.flow_comp_m_y	0.00913539
8661	81	M81:OPTICAL_FLOW.flow_comp_m_x	0.00582781
8661	81	M81:OPTICAL_FLOW.flow_comp_m_y	0.00944036
8756	81	M81:OPTICAL_FLOW.flow_comp_m_x	0.00277639
8756	81	M81:OPTICAL_FLOW.flow_comp_m_y	0.000566379
8858	81	M81:OPTICAL_FLOW.flow_comp_m_x	0.00334635
8858	81	M81:OPTICAL_FLOW.flow_comp_m_y	0.00289501
8957	81	M81:OPTICAL_FLOW.flow_comp_m_x	0.0177314
8957	81	M81:OPTICAL_FLOW.flow_comp_m_y	0.014736
9052	81	M81:OPTICAL_FLOW.flow_comp_m_x	0.0145224
9052	81	M81:OPTICAL_FLOW.flow_comp_m_y	0.0139726
9153	81	M81:OPTICAL_FLOW.flow_comp_m_x	0.00744697
9153	81	M81:OPTICAL_FLOW.flow_comp_m_y	0.00831614
9253	81	M81:OPTICAL_FLOW.flow_comp_m_x	0.00871339
9253	81	M81:OPTICAL_FLOW.flow_comp_m_y	0.0131513
9347	81	M81:OPTICAL_FLOW.flow_comp_m_x	0.0109954
9347	81	M81:OPTICAL_FLOW.flow_comp_m_y	0.00727566
9447	81	M81:OPTICAL_FLOW.flow_comp_m_x	0.0104477
9447	81	M81:OPTICAL_FLOW.flow_comp_m_y	0.00918641
9549	81	M81:OPTICAL_FLOW.flow_comp_m_x	0.0105105
9549	81	M81:OPTICAL_FLOW.flow_comp_m_y	0.016153
9643	81	M81:OPTICAL_FLOW.flow_comp_m_x	0.00985512
9643	81	M81:OPTICAL_FLOW.flow_comp_m_y	0.00468971
9742	81	M81:OPTICAL_FLOW.flow_comp_m_x	0.00610887
9742	81	M81:OPTICAL_FLOW.flow_comp_m_y	0.00379032
9837	81	M81:OPTICAL_FLOW.flow_comp_m_x	0.00438819
9837	81	M81:OPTICAL_FLOW.flow_comp_m_y	0.00472997
9938	81	M81:OPTICAL_FLOW.flow_comp_m_x	0.00263928
9938	81	M81:OPTICAL_FLOW.flow_comp_m_y	0.0012354
10039	81	M81:OPTICAL_FLOW.flow_comp_m_x	0.014592
10039	81	M81:OPTICAL_FLOW.flow_comp_m_y	0.00921707
10133	81	M81:OPTICAL_FLOW.flow_comp_m_x	0.0146897
10133	81	M81:OPTICAL_FLOW.flow_comp_m_y	0.0128673
10234	81	M81:OPTICAL_FLOW.flow_comp_m_x	0.011184
10234	81	M81:OPTICAL_FLOW.flow_comp_m_y	0.01373
10334	81	M81:OPTICAL_FLOW.flow_comp_m_x	0.00909295
10334	81	M81:OPTICAL_FLOW.flow_comp_m_y	0.0101306
10428	81	M81:OPTICAL_FLOW.flow_comp_m_x	0.00653212
10428	81	M81:OPTICAL_FLOW.flow_comp_m_y	0.0138458
10530	81	M81:OPTICAL_FLOW.flow_comp_m_x	0.004288
10530	81	M81:OPTICAL_FLOW.flow_comp_m_y	0.00805269
10630	81	M81:OPTICAL_FLOW.flow_comp_m_x	0.00547706
10630	81	M81:OPTICAL_FLOW.flow_comp_m_y	0.00299528
10724	81	M81:OPTICAL_FLOW.flow_comp_m_x	0.00734801
10724	81	M81:OPTICAL_FLOW.flow_comp_m_y	0.00372568
10825	81	M81:OPTICAL_FLOW.flow_comp_m_x	0.00398435
10825	81	M81:OPTICAL_FLOW.flow_comp_m_y	0.00335339
10925	81	M81:OPTICAL_FLOW.flow_comp_m_x	0.00120326
10925	81	M81:OPTICAL_FLOW.flow_comp_m_y	0.00369239
11019	81	M81:OPTICAL_FLOW.flow_comp_m_x	0.000629549
11019	81	M81:OPTICAL_FLOW.flow_comp_m_y	0.00168816
11121	81	M81:OPTICAL_FLOW.flow_comp_m_x	0.0105514
11121	81	M81:OPTICAL_FLOW.flow_comp_m_y	0.00777048
11220	81	M81:OPTICAL_FLOW.flow_comp_m_x	0.00872095
11220	81	M81:OPTICAL_FLOW.flow_comp_m_y	0.00428253
11315	81	M81:OPTICAL_FLOW.flow_comp_m_x	0.00583087
11315	81	M81:OPTICAL_FLOW.flow_comp_m_y	0.00391615
11416	81	M81:OPTICAL_FLOW.flow_comp_m_x	0.011621
11416	81	M81:OPTICAL_FLOW.flow_comp_m_y	0.00907941
11517	81	M81:OPTICAL_FLOW.flow_comp_m_x	0.00805575
11517	81	M81:OPTICAL_FLOW.flow_comp_m_y	0.00802356
11610	81	M81:OPTICAL_FLOW.flow_comp_m_x	0.00745962
11610	81	M81:OPTICAL_FLOW.flow_comp_m_y	0.00681076
11710	81	M81:OPTICAL_FLOW.flow_comp_m_x	0.00580031
11710	81	M81:OPTICAL_FLOW.flow_comp_m_y	0.00394118
11812	81	M81:OPTICAL_FLOW.flow_comp_m_x	0.00339457
11812	81	M81:OPTICAL_FLOW.flow_comp_m_y	0.00517736
11906	81	M81:OPTICAL_FLOW.flow_comp_m_x	0.00247173
11906	81	M81:OPTICAL_FLOW.flow_comp_m_y	0.00437936
12007	81	M81:OPTICAL_FLOW.flow_comp_m_x	0.000609494
12007	81	M81:OPTICAL_FLOW.flow_comp_m_y	0.00107325
12106	81	M81:OPTICAL_FLOW.flow_comp_m_x	0.00323259
12106	81	M81:OPTICAL_FLOW.flow_comp_m_y	0.000775222
12202	81	M81:OPTICAL_FLOW.flow_comp_m_x	0.00705353
12202	81	M81:OPTICAL_FLOW.flow_comp_m_y	0.00869791
12303	81	M81:OPTICAL_FLOW.flow_comp_m_x	0.00731192
12303	81	M81:OPTICAL_FLOW.flow_comp_m_y	0.00663237
12402	81	M81:OPTICAL_FLOW.flow_comp_m_x	0.005584
12402	81	M81:OPTICAL_FLOW.flow_comp_m_y	0.00802182
12497	81	M81:OPTICAL_FLOW.flow_comp_m_x	0.0118545
12497	81	M81:OPTICAL_FLOW.flow_comp_m_y	0.00880487
12598	81	M81:OPTICAL_FLOW.flow_comp_m_x	0.0132261
12598	81	M81:OPTICAL_FLOW.flow_comp_m_y	0.00446079
12698	81	M81:OPTICAL_FLOW.flow_comp_m_x	0.0122288
12698	81	M81:OPTICAL_FLOW.flow_comp_m_y	0.0159374
12793	81	M81:OPTICAL_FLOW.flow_comp_m_x	0.00851571
12793	81	M81:OPTICAL_FLOW.flow_comp_m_y	0.0114437
12892	81	M81:OPTICAL_FLOW.flow_comp_m_x	0.0109224
12892	81	M81:OPTICAL_FLOW.flow_comp_m_y	0.00932984
12987	81	M81:OPTICAL_FLOW.flow_comp_m_x	0.00856842
12987	81	M81:OPTICAL_FLOW.flow_comp_m_y	0.00842963
13088	81	M81:OPTICAL_FLOW.flow_comp_m_x	0.00425748
13088	81	M81:OPTICAL_FLOW.flow_comp_m_y	0.00718471
13190	81	M81:OPTICAL_FLOW.flow_comp_m_x	0.00517891
13190	81	M81:OPTICAL_FLOW.flow_comp_m_y	0.00574326
13282	81	M81:OPTICAL_FLOW.flow_comp_m_x	0.011327
13282	81	M81:OPTICAL_FLOW.flow_comp_m_y	0.0121783
13384	81	M81:OPTICAL_FLOW.flow_comp_m_x	0.0092773
13384	81	M81:OPTICAL_FLOW.flow_comp_m_y	0.00841033
13484	81	M81:OPTICAL_FLOW.flow_comp_m_x	0.0104372
13484	81	M81:OPTICAL_FLOW.flow_comp_m_y	0.0140149
13578	81	M81:OPTICAL_FLOW.flow_comp_m_x	0.00677832
13578	81	M81:OPTICAL_FLOW.flow_comp_m_y	0.00619394
13679	81	M81:OPTICAL_FLOW.flow_comp_m_x	0.01047
13679	81	M81:OPTICAL_FLOW.flow_comp_m_y	0.0114754
13780	81	M81:OPTICAL_FLOW.flow_comp_m_x	0.00475632
13780	81	M81:OPTICAL_FLOW.flow_comp_m_y	0.00638605
13873	81	M81:OPTICAL_FLOW.flow_comp_m_x	0.00493505
13873	81	M81:OPTICAL_FLOW.flow_comp_m_y	0.00715889
13975	81	M81:OPTICAL_FLOW.flow_comp_m_x	0.00242561
13975	81	M81:OPTICAL_FLOW.flow_comp_m_y	0.000892241
14075	81	M81:OPTICAL_FLOW.flow_comp_m_x	0.00361933
14075	81	M81:OPTICAL_FLOW.flow_comp_m_y	0.00432626
14169	81	M81:OPTICAL_FLOW.flow_comp_m_x	0.00541895
14169	81	M81:OPTICAL_FLOW.flow_comp_m_y	0.00411291
14270	81	M81:OPTICAL_FLOW.flow_comp_m_x	0.00596784
14270	81	M81:OPTICAL_FLOW.flow_comp_m_y	0.0060166
14369	81	M81:OPTICAL_FLOW.flow_comp_m_x	0.00982363
14369	81	M81:OPTICAL_FLOW.flow_comp_m_y	0.010071
14464	81	M81:OPTICAL_FLOW.flow_comp_m_x	0.0053719
14464	81	M81:OPTICAL_FLOW.flow_comp_m_y	0.00408205
14566	81	M81:OPTICAL_FLOW.flow_comp_m_x	0.0055782
14566	81	M81:OPTICAL_FLOW.flow_comp_m_y	0.004239
14665	81	M81:OPTICAL_FLOW.flow_comp_m_x	0.00626594
14665	81	M81:OPTICAL_FLOW.flow_comp_m_y	0.00821545
14760	81	M81:OPTICAL_FLOW.flow_comp_m_x	0.00898559
14760	81	M81:OPTICAL_FLOW.flow_comp_m_y	0.00682834
14860	81	M81:OPTICAL_FLOW.flow_comp_m_x	0.00767675
14860	81	M81:OPTICAL_FLOW.flow_comp_m_y	0.00968553
14962	81	M81:OPTICAL_FLOW.flow_comp_m_x	0.0129884
14962	81	M81:OPTICAL_FLOW.flow_comp_m_y	0.00613793
15056	81	M81:OPTICAL_FLOW.flow_comp_m_x	0.0183592
15056	81	M81:OPTICAL_FLOW.flow_comp_m_y	0.00817792
15157	81	M81:OPTICAL_FLOW.flow_comp_m_x	0.00491168
15157	81	M81:OPTICAL_FLOW.flow_comp_m_y	0.00770393
15257	81	M81:OPTICAL_FLOW.flow_comp_m_x	0.00665361
15257	81	M81:OPTICAL_FLOW.flow_comp_m_y	0.0044259
15351	81	M81:OPTICAL_FLOW.flow_comp_m_x	0.0118336
15351	81	M81:OPTICAL_FLOW.flow_comp_m_y	0.0131512
15453	81	M81:OPTICAL_FLOW.flow_comp_m_x	0.013453
15453	81	M81:OPTICAL_FLOW.flow_comp_m_y	0.0135044
15552	81	M81:OPTICAL_FLOW.flow_comp_m_x	0.0123018
15552	81	M81:OPTICAL_FLOW.flow_comp_m_y	0.0128209
15646	81	M81:OPTICAL_FLOW.flow_comp_m_x	0.0118673
15646	81	M81:OPTICAL_FLOW.flow_comp_m_y	0.00945745
15748	81	M81:OPTICAL_FLOW.flow_comp_m_x	0.0124096
15748	81	M81:OPTICAL_FLOW.flow_comp_m_y	0.0148509
15847	81	M81:OPTICAL_FLOW.flow_comp_m_x	0.0112387
15847	81	M81:OPTICAL_FLOW.flow_comp_m_y	0.0159306
15942	81	M81:OPTICAL_FLOW.flow_comp_m_x	0.0101246
15942	81	M81:OPTICAL_FLOW.flow_comp_m_y	0.00777694
16042	81	M81:OPTICAL_FLOW.flow_comp_m_x	0.00488806
16042	81	M81:OPTICAL_FLOW.flow_comp_m_y	0.00708018
16136	81	M81:OPTICAL_FLOW.flow_comp_m_x	0.00370625
16136	81	M81:OPTICAL_FLOW.flow_comp_m_y	0.00587149
16238	81	M81:OPTICAL_FLOW.flow_comp_m_x	0.00134449
16238	81	M81:OPTICAL_FLOW.flow_comp_m_y	0.00354276
16337	81	M81:OPTICAL_FLOW.flow_comp_m_x	0.00167431
16337	81	M81:OPTICAL_FLOW.flow_comp_m_y	0.00049844
16432	81	M81:OPTICAL_FLOW.flow_comp_m_x	0.00720233
16432	81	M81:OPTICAL_FLOW.flow_comp_m_y	0.00302026
16533	81	M81:OPTICAL_FLOW.flow_comp_m_x	0.0105635
16533	81	M81:OPTICAL_FLOW.flow_comp_m_y	0.0104132
16633	81	M81:OPTICAL_FLOW.flow_comp_m_x	0.00416948
16633	81	M81:OPTICAL_FLOW.flow_comp_m_y	0.00738796
16727	81	M81:OPTICAL_FLOW.flow_comp_m_x	0.00350747
16727	81	M81:OPTICAL_FLOW.flow_comp_m_y	0.00797932
16829	81	M81:OPTICAL_FLOW.flow_comp_m_x	0.0076638
16829	81	M81:OPTICAL_FLOW.flow_comp_m_y	0.00360315
16929	81	M81:OPTICAL_FLOW.flow_comp_m_x	0.0114385
16929	81	M81:OPTICAL_FLOW.flow_comp_m_y	0.00796027
17023	81	M81:OPTICAL_FLOW.flow_comp_m_x	0.00782887
17023	81	M81:OPTICAL_FLOW.flow_comp_m_y	0.00234464
17124	81	M81:OPTICAL_FLOW.flow_comp_m_x	0.00679887
17124	81	M81:OPTICAL_FLOW.flow_comp_m_y	0.00514741
17225	81	M81:OPTICAL_FLOW.flow_comp_m_x	0.00774702
17225	81	M81:OPTICAL_FLOW.flow_comp_m_y	0.0048716
17318	81	M81:OPTICAL_FLOW.flow_comp_m_x	0.00397854
17318	81	M81:OPTICAL_FLOW.flow_comp_m_y	0.00530753
17420	81	M81:OPTICAL_FLOW.flow_comp_m_x	0.00202673
17420	81	M81:OPTICAL_FLOW.flow_comp_m_y	0.00337777
17519	81	M81:OPTICAL_FLOW.flow_comp_m_x	0.0111528
17519	81	M81:OPTICAL_FLOW.flow_comp_m_y	0.00941441
17614	81	M81:OPTICAL_FLOW.flow_comp_m_x	0.0140543
17614	81	M81:OPTICAL_FLOW.flow_comp_m_y	0.0139541
17715	81	M81:OPTICAL_FLOW.flow_comp_m_x	0.00477281
17715	81	M81:OPTICAL_FLOW.flow_comp_m_y	0.00497283
17814	81	M81:OPTICAL_FLOW.flow_comp_m_x	0.00724004
17814	81	M81:OPTICAL_FLOW.flow_comp_m_y	0.00389396
17909	81	M81:OPTICAL_FLOW.flow_comp_m_x	0.00720434
17909	81	M81:OPTICAL_FLOW.flow_comp_m_y	0.00660106
18010	81	M81:OPTICAL_FLOW.flow_comp_m_x	0.00833005
18010	81	M81:OPTICAL_FLOW.flow_comp_m_y	0.00851828
18111	81	M81:OPTICAL_FLOW.flow_comp_m_x	0.00892549
18111	81	M81:OPTICAL_FLOW.flow_comp_m_y	0.00733015
18205	81	M81:OPTICAL_FLOW.flow_comp_m_x	0.00885403
18205	81	M81:OPTICAL_FLOW.flow_comp_m_y	0.0080674
18304	81	M81:OPTICAL_FLOW.flow_comp_m_x	0.00657352
18304	81	M81:OPTICAL_FLOW.flow_comp_m_y	0.00765415
18406	81	M81:OPTICAL_FLOW.flow_comp_m_x	0.00332748
18406	81	M81:OPTICAL_FLOW.flow_comp_m_y	0.00566607
18501	81	M81:OPTICAL_FLOW.flow_comp_m_x	0.00780668
18501	81	M81:OPTICAL_FLOW.flow_comp_m_y	0.00562223
18602	81	M81:OPTICAL_FLOW.flow_comp_m_x	0.0140382
18602	81	M81:OPTICAL_FLOW.flow_comp_m_y	0.0155008
18701	81	M81:OPTICAL_FLOW.flow_comp_m_x	0.0102967
18701	81	M81:OPTICAL_FLOW.flow_comp_m_y	0.0152972
18796	81	M81:OPTICAL_FLOW.flow_comp_m_x	0.0109994
18796	81	M81:OPTICAL_FLOW.flow_comp_m_y	0.00593378
18898	81	M81:OPTICAL_FLOW.flow_comp_m_x	0.00754883
18898	81	M81:OPTICAL_FLOW.flow_comp_m_y	0.0125525
18990	81	M81:OPTICAL_FLOW.flow_comp_m_x	0.00376104
18990	81	M81:OPTICAL_FLOW.flow_comp_m_y	0.0045509
19092	81	M81:OPTICAL_FLOW.flow_comp_m_x	0.00486548
19092	81	M81:OPTICAL_FLOW.flow_comp_m_y	0.00628061
19192	81	M81:OPTICAL_FLOW.flow_comp_m_x	0.0037061
19192	81	M81:OPTICAL_FLOW.flow_comp_m_y	0.00381574
19286	81	M81:OPTICAL_FLOW.flow_comp_m_x	0.00262393
19286	81	M81:OPTICAL_FLOW.flow_comp_m_y	0.00190777
19387	81	M81:OPTICAL_FLOW.flow_comp_m_x	0.00620413
19387	81	M81:OPTICAL_FLOW.flow_comp_m_y	0.00459236
19487	81	M81:OPTICAL_FLOW.flow_comp_m_x	0.00373115
19487	81	M81:OPTICAL_FLOW.flow_comp_m_y	0.00257822
19581	81	M81:OPTICAL_FLOW.flow_comp_m_x	0.00443383
19581	81	M81:OPTICAL_FLOW.flow_comp_m_y	0.00519023
19681	81	M81:OPTICAL_FLOW.flow_comp_m_x	0.00117948
19681	81	M81:OPTICAL_FLOW.flow_comp_m_y	0.000937184
19784	81	M81:OPTICAL_FLOW.flow_comp_m_x	0.0106338
19784	81	M81:OPTICAL_FLOW.flow_comp_m_y	0.00406517
19877	81	M81:OPTICAL_FLOW.flow_comp_m_x	0.00301966
19877	81	M81:OPTICAL_FLOW.flow_comp_m_y	0.00225287
19978	81	M81:OPTICAL_FLOW.flow_comp_m_x	0.00785396
19978	81	M81:OPTICAL_FLOW.flow_comp_m_y	0.0068744
20078	81	M81:OPTICAL_FLOW.flow_comp_m_x	0.0103326
20078	81	M81:OPTICAL_FLOW.flow_comp_m_y	0.012661
20172	81	M81:OPTICAL_FLOW.flow_comp_m_x	0.0119234
20172	81	M81:OPTICAL_FLOW.flow_comp_m_y	0.00853583
20274	81	M81:OPTICAL_FLOW.flow_comp_m_x	0.00864196
20274	81	M81:OPTICAL_FLOW.flow_comp_m_y	0.00417861
20374	81	M81:OPTICAL_FLOW.flow_comp_m_x	0.00811311
20374	81	M81:OPTICAL_FLOW.flow_comp_m_y	0.00922902
20468	81	M81:OPTICAL_FLOW.flow_comp_m_x	0.00689833
20468	81	M81:OPTICAL_FLOW.flow_comp_m_y	0.0119007
20569	81	M81:OPTICAL_FLOW.flow_comp_m_x	0.00732651
20569	81	M81:OPTICAL_FLOW.flow_comp_m_y	0.00983976
20669	81	M81:OPTICAL_FLOW.flow_comp_m_x	0.0046646
20669	81	M81:OPTICAL_FLOW.flow_comp_m_y	0.00534961
20763	81	M81:OPTICAL_FLOW.flow_comp_m_x	0.00355898
20763	81	M81:OPTICAL_FLOW.flow_comp_m_y	0.00260829
20865	81	M81:OPTICAL_FLOW.flow_comp_m_x	0.00211328
20865	81	M81:OPTICAL_FLOW.flow_comp_m_y	0.00545919
20964	81	M81:OPTICAL_FLOW.flow_comp_m_x	0.00907068
20964	81	M81:OPTICAL_FLOW.flow_comp_m_y	0.0104063
21059	81	M81:OPTICAL_FLOW.flow_comp_m_x	0.010541
21059	81	M81:OPTICAL_FLOW.flow_comp_m_y	0.0139837
21160	81	M81:OPTICAL_FLOW.flow_comp_m_x	0.00460685
21160	81	M81:OPTICAL_FLOW.flow_comp_m_y	0.00567115
21259	81	M81:OPTICAL_FLOW.flow_comp_m_x	0.00528606
21259	81	M81:OPTICAL_FLOW.flow_comp_m_y	0.00222606
21355	81	M81:OPTICAL_FLOW.flow_comp_m_x	0.00662483
21355	81	M81:OPTICAL_FLOW.flow_comp_m_y	0.00783006
21454	81	M81:OPTICAL_FLOW.flow_comp_m_x	0.0103963
21454	81	M81:OPTICAL_FLOW.flow_comp_m_y	0.00945241
21556	81	M81:OPTICAL_FLOW.flow_comp_m_x	0.00757134
21556	81	M81:OPTICAL_FLOW.flow_comp_m_y	0.00420812
21650	81	M81:OPTICAL_FLOW.flow_comp_m_x	0.00741919
21650	81	M81:OPTICAL_FLOW.flow_comp_m_y	0.000892543
21752	81	M81:OPTICAL_FLOW.flow_comp_m_x	0.0089105
21752	81	M81:OPTICAL_FLOW.flow_comp_m_y	0.00904599
21851	81	M81:OPTICAL_FLOW.flow_comp_m_x	0.00368521
21851	81	M81:OPTICAL_FLOW.flow_comp_m_y	0.00579113
21946	81	M81:OPTICAL_FLOW.flow_comp_m_x	0.00799451
21946	81	M81:OPTICAL_FLOW.flow_comp_m_y	0.00709286
22047	81	M81:OPTICAL_FLOW.flow_comp_m_x	0.00430113
22047	81	M81:OPTICAL_FLOW.flow_comp_m_y	0.00264635
22140	81	M81:OPTICAL_FLOW.flow_comp_m_x	0.00208529
22140	81	M81:OPTICAL_FLOW.flow_comp_m_y	0.000845965
22241	81	M81:OPTICAL_FLOW.flow_comp_m_x	0.00223109
22241	81	M81:OPTICAL_FLOW.flow_comp_m_y	0.000900452
22342	81	M81:OPTICAL_FLOW.flow_comp_m_x	0.00743131
22342	81	M81:OPTICAL_FLOW.flow_comp_m_y	0.00786411
22435	81	M81:OPTICAL_FLOW.flow_comp_m_x	0.0139502
22435	81	M81:OPTICAL_FLOW.flow_comp_m_y	0.0118491
22537	81	M81:OPTICAL_FLOW.flow_comp_m_x	0.0143246
22537	81	M81:OPTICAL_FLOW.flow_comp_m_y	0.0111301
22636	81	M81:OPTICAL_FLOW.flow_comp_m_x	0.0111723
22636	81	M81:OPTICAL_FLOW.flow_comp_m_y	0.0109335
22731	81	M81:OPTICAL_FLOW.flow_comp_m_x	0.0106813
22731	81	M81:OPTICAL_FLOW.flow_comp_m_y	0.00900293
22832	81	M81:OPTICAL_FLOW.flow_comp_m_x	0.0115776
22832	81	M81:OPTICAL_FLOW.flow_comp_m_y	0.0117877
22931	81	M81:OPTICAL_FLOW.flow_comp_m_x	0.00715371
22931	81	M81:OPTICAL_FLOW.flow_comp_m_y	0.00814816
23026	81	M81:OPTICAL_FLOW.flow_comp_m_x	0.00341354
23026	81	M81:OPTICAL_FLOW.flow_comp_m_y	0.00372776
23128	81	M81:OPTICAL_FLOW.flow_comp_m_x	0.00349515
23128	81	M81:OPTICAL_FLOW.flow_comp_m_y	0.00127624
23228	81	M81:OPTICAL_FLOW.flow_comp_m_x	0.00460187
23228	81	M81:OPTICAL_FLOW.flow_comp_m_y	0.00394091
23322	81	M81:OPTICAL_FLOW.flow_comp_m_x	0.000607059
23322	81	M81:OPTICAL_FLOW.flow_comp_m_y	0.00201855
23423	81	M81:OPTICAL_FLOW.flow_comp_m_x	0.00322715
23423	81	M81:OPTICAL_FLOW.flow_comp_m_y	0.00372271
23523	81	M81:OPTICAL_FLOW.flow_comp_m_x	0.00991176
23523	81	M81:OPTICAL_FLOW.flow_comp_m_y	0.00820739
23618	81	M81:OPTICAL_FLOW.flow_comp_m_x	0.00616051
23618	81	M81:OPTICAL_FLOW.flow_comp_m_y	0.00747013
23719	81	M81:OPTICAL_FLOW.flow_comp_m_x	0.00538382
23719	81	M81:OPTICAL_FLOW.flow_comp_m_y	0.00336275
23819	81	M81:OPTICAL_FLOW.flow_comp_m_x	0.00478735
23819	81	M81:OPTICAL_FLOW.flow_comp_m_y	0.00679338
23913	81	M81:OPTICAL_FLOW.flow_comp_m_x	0.00720227
23913	81	M81:OPTICAL_FLOW.flow_comp_m_y	0.00742851
24014	81	M81:OPTICAL_FLOW.flow_comp_m_x	0.00734132
24014	81	M81:OPTICAL_FLOW.flow_comp_m_y	0.00548033
24114	81	M81:OPTICAL_FLOW.flow_comp_m_x	0.00783063
24114	81	M81:OPTICAL_FLOW.flow_comp_m_y	0.0056527
24209	81	M81:OPTICAL_FLOW.flow_comp_m_x	0.00442004
24209	81	M81:OPTICAL_FLOW.flow_comp_m_y	0.00254579
24310	81	M81:OPTICAL_FLOW.flow_comp_m_x	0.0098199
24310	81	M81:OPTICAL_FLOW.flow_comp_m_y	0.00870697
24409	81	M81:OPTICAL_FLOW.flow_comp_m_x	0.0074603
24409	81	M81:OPTICAL_FLOW.flow_comp_m_y	0.00893093
24504	81	M81:OPTICAL_FLOW.flow_comp_m_x	0.00542121
24504	81	M81:OPTICAL_FLOW.flow_comp_m_y	0.00664445
24606	81	M81:OPTICAL_FLOW.flow_comp_m_x	0.00439874
24606	81	M81:OPTICAL_FLOW.flow_comp_m_y	0.00629689
24705	81	M81:OPTICAL_FLOW.flow_comp_m_x	0.00699069
24705	81	M81:OPTICAL_FLOW.flow_comp_m_y	0.00245549
24800	81	M81:OPTICAL_FLOW.flow_comp_m_x	0.0140964
24800	81	M81:OPTICAL_FLOW.flow_comp_m_y	0.0167708
24899	81	M81:OPTICAL_FLOW.flow_comp_m_x	0.0117708
24899	81	M81:OPTICAL_FLOW.flow_comp_m_y	0.0106619
25001	81	M81:OPTICAL_FLOW.flow_comp_m_x	0.0106462
25001	81	M81:OPTICAL_FLOW.flow_comp_m_y	0.0145296
25095	81	M81:OPTICAL_FLOW.flow_comp_m_x	0.0118884
25095	81	M81:OPTICAL_FLOW.flow_comp_m_y	0.0065069
25197	81	M81:OPTICAL_FLOW.flow_comp_m_x	0.00852451
25197	81	M81:OPTICAL_FLOW.flow_comp_m_y	0.00813039
25289	81	M81:OPTICAL_FLOW.flow_comp_m_x	0.00733602
25289	81	M81:OPTICAL_FLOW.flow_comp_m_y	0.00759684
25391	81	M81:OPTICAL_FLOW.flow_comp_m_x	0.00851804
25391	81	M81:OPTICAL_FLOW.flow_comp_m_y	0.00986031
25492	81	M81:OPTICAL_FLOW.flow_comp_m_x	0.0129679
25492	81	M81:OPTICAL_FLOW.flow_comp_m_y	0.00755471
25585	81	M81:OPTICAL_FLOW.flow_comp_m_x	0.00520188
25585	81	M81:OPTICAL_FLOW.flow_comp_m_y	0.0036282
25686	81	M81:OPTICAL_FLOW.flow_comp_m_x	0.0105141
25686	81	M81:OPTICAL_FLOW.flow_comp_m_y	0.00142882
25787	81	M81:OPTICAL_FLOW.flow_comp_m_x	0.00276485
25787	81	M81:OPTICAL_FLOW.flow_comp_m_y	0.00194807
25880	81	M81:OPTICAL_FLOW.flow_comp_m_x	0.00188324
25880	81	M81:OPTICAL_FLOW.flow_comp_m_y	0.00152135
25982	81	M81:OPTICAL_FLOW.flow_comp_m_x	0.00931216
25982	81	M81:OPTICAL_FLOW.flow_comp_m_y	0.00858663
26081	81	M81:OPTICAL_FLOW.flow_comp_m_x	0.00777556
26081	81	M81:OPTICAL_FLOW.flow_comp_m_y	0.00469398
26176	81	M81:OPTICAL_FLOW.flow_comp_m_x	0.00785871
26176	81	M81:OPTICAL_FLOW.flow_comp_m_y	0.00396135
26277	81	M81:OPTICAL_FLOW.flow_comp_m_x	0.010025
26277	81	M81:OPTICAL_FLOW.flow_comp_m_y	0.00682665
26379	81	M81:OPTICAL_FLOW.flow_comp_m_x	0.00750883
26379	81	M81:OPTICAL_FLOW.flow_comp_m_y	0.00645893
26472	81	M81:OPTICAL_FLOW.flow_comp_m_x	0.00713077
26472	81	M81:OPTICAL_FLOW.flow_comp_m_y	0.0055793
26573	81	M81:OPTICAL_FLOW.flow_comp_m_x	0.0116887
26573	81	M81:OPTICAL_FLOW.flow_comp_m_y	0.0106056
26672	81	M81:OPTICAL_FLOW.flow_comp_m_x	0.00799785
26672	81	M81:OPTICAL_FLOW.flow_comp_m_y	0.00357611
26767	81	M81:OPTICAL_FLOW.flow_comp_m_x	0.00434477
26767	81	M81:OPTICAL_FLOW.flow_comp_m_y	0.005581
26869	81	M81:OPTICAL_FLOW.flow_comp_m_x	0.00736645
26869	81	M81:OPTICAL_FLOW.flow_comp_m_y	0.0065356
26969	81	M81:OPTICAL_FLOW.flow_comp_m_x	0.00320793
26969	81	M81:OPTICAL_FLOW.flow_comp_m_y	0.00503433
27063	81	M81:OPTICAL_FLOW.flow_comp_m_x	0.00594196
27063	81	M81:OPTICAL_FLOW.flow_comp_m_y	0.00105592
27164	81	M81:OPTICAL_FLOW.flow_comp_m_x	0.0011369
27164	81	M81:OPTICAL_FLOW.flow_comp_m_y	0.00114759
27264	81	M81:OPTICAL_FLOW.flow_comp_m_x	0.00421145
27264	81	M81:OPTICAL_FLOW.flow_comp_m_y	0.00100728
27358	81	M81:OPTICAL_FLOW.flow_comp_m_x	0.00845247
27358	81	M81:OPTICAL_FLOW.flow_comp_m_y	0.0108764
27460	81	M81:OPTICAL_FLOW.flow_comp_m_x	0.00800782
27460	81	M81:OPTICAL_FLOW.flow_comp_m_y	0.00355608
27559	81	M81:OPTICAL_FLOW.flow_comp_m_x	0.00963944
27559	81	M81:OPTICAL_FLOW.flow_comp_m_y	0.00744025
27654	81	M81:OPTICAL_FLOW.flow_comp_m_x	0.00589798
27654	81	M81:OPTICAL_FLOW.flow_comp_m_y	0.00882144
27755	81	M81:OPTICAL_FLOW.flow_comp_m_x	0.0104327
27755	81	M81:OPTICAL_FLOW.flow_comp_m_y	0.00781291
27855	81	M81:OPTICAL_FLOW.flow_comp_m_x	0.00816554
27855	81	M81:OPTICAL_FLOW.flow_comp_m_y	0.0126542
27950	81	M81:OPTICAL_FLOW.flow_comp_m_x	0.00458943
27950	81	M81:OPTICAL_FLOW.flow_comp_m_y	0.0049439
28049	81	M81:OPTICAL_FLOW.flow_comp_m_x	0.00475238
28049	81	M81:OPTICAL_FLOW.flow_comp_m_y	0.00319465
28150	81	M81:OPTICAL_FLOW.flow_comp_m_x	0.00360538
28150	81	M81:OPTICAL_FLOW.flow_comp_m_y	0.00704927
28245	81	M81:OPTICAL_FLOW.flow_comp_m_x	0.00268421
28245	81	M81:OPTICAL_FLOW.flow_comp_m_y	0.00206698
28347	81	M81:OPTICAL_FLOW.flow_comp_m_x	0.000520565
28347	81	M81:OPTICAL_FLOW.flow_comp_m_y	0.00255464
28439	81	M81:OPTICAL_FLOW.flow_comp_m_x	0.0040057
28439	81	M81:OPTICAL_FLOW.flow_comp_m_y	0.00330227
28541	81	M81:OPTICAL_FLOW.flow_comp_m_x	0.00419964
28541	81	M81:OPTICAL_FLOW.flow_comp_m_y	0.00585136
28641	81	M81:OPTICAL_FLOW.flow_comp_m_x	0.00684553
28641	81	M81:OPTICAL_FLOW.flow_comp_m_y	0.0104491
28735	81	M81:OPTICAL_FLOW.flow_comp_m_x	0.00665334
28735	81	M81:OPTICAL_FLOW.flow_comp_m_y	0.00752168
28836	81	M81:OPTICAL_FLOW.flow_comp_m_x	0.00967047
28836	81	M81:OPTICAL_FLOW.flow_comp_m_y	0.0104054
28937	81	M81:OPTICAL_FLOW.flow_comp_m_x	0.0150061
28937	81	M81:OPTICAL_FLOW.flow_comp_m_y	0.00670167
29030	81	M81:OPTICAL_FLOW.flow_comp_m_x	0.00793782
29030	81	M81:OPTICAL_FLOW.flow_comp_m_y	0.00428781
29132	81	M81:OPTICAL_FLOW.flow_comp_m_x	0.011541
29132	81	M81:OPTICAL_FLOW.flow_comp_m_y	0.0065931
29232	81	M81:OPTICAL_FLOW.flow_comp_m_x	0.00960772
29232	81	M81:OPTICAL_FLOW.flow_comp_m_y	0.00904534
29326	81	M81:OPTICAL_FLOW.flow_comp_m_x	0.00445783
29326	81	M81:OPTICAL_FLOW.flow_comp_m_y	0.0129265
29427	81	M81:OPTICAL_FLOW.flow_comp_m_x	0.0032307
29427	81	M81:OPTICAL_FLOW.flow_comp_m_y	0.00209865
29526	81	M81:OPTICAL_FLOW.flow_comp_m_x	0.00283249
29526	81	M81:OPTICAL_FLOW.flow_comp_m_y	0.00257672
29621	81	M81:OPTICAL_FLOW.flow_comp_m_x	0.00214057
29621	81	M81:OPTICAL_FLOW.flow_comp_m_y	0.00671478
29723	81	M81:OPTICAL_FLOW.flow_comp_m_x	0.0108506
29723	81	M81:OPTICAL_FLOW.flow_comp_m_y	0.00735842
29822	81	M81:OPTICAL_FLOW.flow_comp_m_x	0.00852702
29822	81	M81:OPTICAL_FLOW.flow_comp_m_y	0.0128252
29917	81	M81:OPTICAL_FLOW.flow_comp_m_x	0.0167854
29917	81	M81:OPTICAL_FLOW.flow_comp_m_y	0.00989758
30018	81	M81:OPTICAL_FLOW.flow_comp_m_x	0.0115331
30018	81	M81:OPTICAL_FLOW.flow_comp_m_y	0.00980613
30117	81	M81:OPTICAL_FLOW.flow_comp_m_x	0.0139478
30117	81	M81:OPTICAL_FLOW.flow_comp_m_y	0.014639
30212	81	M81:OPTICAL_FLOW.flow_comp_m_x	0.00981108
30212	81	M81:OPTICAL_FLOW.flow_comp_m_y	0.0113205
30314	81	M81:OPTICAL_FLOW.flow_comp_m_x	0.0111533
30314	81	M81:OPTICAL_FLOW.flow_comp_m_y	0.003951
30414	81	M81:OPTICAL_FLOW.flow_comp_m_x	0.0103352
30414	81	M81:OPTICAL_FLOW.flow_comp_m_y	0.00379741
30508	81	M81:OPTICAL_FLOW.flow_comp_m_x	0.00769101
30508	81	M81:OPTICAL_FLOW.flow_comp_m_y	0.00690616
30609	81	M81:OPTICAL_FLOW.flow_comp_m_x	0.00495941
30609	81	M81:OPTICAL_FLOW.flow_comp_m_y	0.00594456
30709	81	M81:OPTICAL_FLOW.flow_comp_m_x	0.00299213
30709	81	M81:OPTICAL_FLOW.flow_comp_m_y	0.00440816
30804	81	M81:OPTICAL_FLOW.flow_comp_m_x	0.000950462
30804	81	M81:OPTICAL_FLOW.flow_comp_m_y	0.000892237
30905	81	M81:OPTICAL_FLOW.flow_comp_m_x	0.00738011
30905	81	M81:OPTICAL_FLOW.flow_comp_m_y	0.00539081
31004	81	M81:OPTICAL_FLOW.flow_comp_m_x	0.01548
31004	81	M81:OPTICAL_FLOW.flow_comp_m_y	0.015359
31099	81	M81:OPTICAL_FLOW.flow_comp_m_x	0.00813596
31099	81	M81:OPTICAL_FLOW.flow_comp_m_y	0.00731932
31200	81	M81:OPTICAL_FLOW.flow_comp_m_x	0.00803496
31200	81	M81:OPTICAL_FLOW.flow_comp_m_y	0.00664997
31300	81	M81:OPTICAL_FLOW.flow_comp_m_x	0.00989144
31300	81	M81:OPTICAL_FLOW.flow_comp_m_y	0.0111313
31395	81	M81:OPTICAL_FLOW.flow_comp_m_x	0.010568
31395	81	M81:OPTICAL_FLOW.flow_comp_m_y	0.00371118
31494	81	M81:OPTICAL_FLOW.flow_comp_m_x	0.0109475
31494	81	M81:OPTICAL_FLOW.flow_comp_m_y	0.005443
31589	81	M81:OPTICAL_FLOW.flow_comp_m_x	0.00836247
31589	81	M81:OPTICAL_FLOW.flow_comp_m_y	0.00939744
31690	81	M81:OPTICAL_FLOW.flow_comp_m_x	0.0127876
31690	81	M81:OPTICAL_FLOW.flow_comp_m_y	0.0102994
31792	81	M81:OPTICAL_FLOW.flow_comp_m_x	0.0094244
31792	81	M81:OPTICAL_FLOW.flow_comp_m_y	0.00854106
31884	81	M81:OPTICAL_FLOW.flow_comp_m_x	0.0011226
31884	81	M81:OPTICAL_FLOW.flow_comp_m_y	0.000936882
31986	81	M81:OPTICAL_FLOW.flow_comp_m_x	0.00330268
31986	81	M81:OPTICAL_FLOW.flow_comp_m_y	0.0019246
32087	81	M81:OPTICAL_FLOW.flow_comp_m_x	0.00149175
32087	81	M81:OPTICAL_FLOW.flow_comp_m_y	0.00128983
32180	81	M81:OPTICAL_FLOW.flow_comp_m_x	0.00853927
32180	81	M81:OPTICAL_FLOW.flow_comp_m_y	0.0111815
32281	81	M81:OPTICAL_FLOW.flow_comp_m_x	0.00928845
32281	81	M81:OPTICAL_FLOW.flow_comp_m_y	0.00406579
32381	81	M81:OPTICAL_FLOW.flow_comp_m_x	0.00958407
32381	81	M81:OPTICAL_FLOW.flow_comp_m_y	0.00845212
32475	81	M81:OPTICAL_FLOW.flow_comp_m_x	0.00837246
32475	81	M81:OPTICAL_FLOW.flow_comp_m_y	0.0070698
32577	81	M81:OPTICAL_FLOW.flow_comp_m_x	0.0122846
32577	81	M81:OPTICAL_FLOW.flow_comp_m_y	0.0106944
32676	81	M81:OPTICAL_FLOW.flow_comp_m_x	0.00790157
32676	81	M81:OPTICAL_FLOW.flow_comp_m_y	0.00546478
32771	81	M81:OPTICAL_FLOW.flow_comp_m_x	0.00925849
32771	81	M81:OPTICAL_FLOW.flow_comp_m_y	0.00918377
32872	81	M81:OPTICAL_FLOW.flow_comp_m_x	0.00816793
32872	81	M81:OPTICAL_FLOW.flow_comp_m_y	0.00293891
32974	81	M81:OPTICAL_FLOW.flow_comp_m_x	0.0077
32974	81	M81:OPTICAL_FLOW.flow_comp_m_y	0.00535669
33066	81	M81:OPTICAL_FLOW.flow_comp_m_x	0.0074936
33066	81	M81:OPTICAL_FLOW.flow_comp_m_y	0.00763159
33168	81	M81:OPTICAL_FLOW.flow_comp_m_x	0.00158114
33168	81	M81:OPTICAL_FLOW.flow_comp_m_y	0.00333723
33267	81	M81:OPTICAL_FLOW.flow_comp_m_x	0.00439773
33267	81	M81:OPTICAL_FLOW.flow_comp_m_y	0.003206
33362	81	M81:OPTICAL_FLOW.flow_comp_m_x	0.010897
33362	81	M81:OPTICAL_FLOW.flow_comp_m_y	0.00681208
33464	81	M81:OPTICAL_FLOW.flow_comp_m_x	0.00811841
33464	81	M81:OPTICAL_FLOW.flow_comp_m_y	0.00614621
33563	81	M81:OPTICAL_FLOW.flow_comp_m_x	0.00682397
33563	81	M81:OPTICAL_FLOW.flow_comp_m_y	0.00625521
33658	81	M81:OPTICAL_FLOW.flow_comp_m_x	0.00968726
33658	81	M81:OPTICAL_FLOW.flow_comp_m_y	0.00425604
33759	81	M81:OPTICAL_FLOW.flow_comp_m_x	0.00768402
33759	81	M81:OPTICAL_FLOW.flow_comp_m_y	0.0087927
33859	81	M81:OPTICAL_FLOW.flow_comp_m_x	0.00411363
33859	81	M81:OPTICAL_FLOW.flow_comp_m_y	0.00526942
33953	81	M81:OPTICAL_FLOW.flow_comp_m_x	0.00615417
33953	81	M81:OPTICAL_FLOW.flow_comp_m_y	0.00985037
34055	81	M81:OPTICAL_FLOW.flow_comp_m_x	0.00647169
34055	81	M81:OPTICAL_FLOW.flow_comp_m_y	0.00841858
34154	81	M81:OPTICAL_FLOW.flow_comp_m_x	0.00594959
34154	81	M81:OPTICAL_FLOW.flow_comp_m_y	0.00620945
34249	81	M81:OPTICAL_FLOW.flow_comp_m_x	0.00432731
34249	81	M81:OPTICAL_FLOW.flow_comp_m_y	0.00286058
34350	81	M81:OPTICAL_FLOW.flow_comp_m_x	0.00282835
34350	81	M81:OPTICAL_FLOW.flow_comp_m_y	0.00323452
34449	81	M81:OPTICAL_FLOW.flow_comp_m_x	0.0175648
34449	81	M81:OPTICAL_FLOW.flow_comp_m_y	0.0323232
34545	81	M81:OPTICAL_FLOW.flow_comp_m_x	0.0127496
34545	81	M81:OPTICAL_FLOW.flow_comp_m_y	0.0112009
34645	81	M81:OPTICAL_FLOW.flow_comp_m_x	0.0106137
34645	81	M81:OPTICAL_FLOW.flow_comp_m_y	0.00962359
34739	81	M81:OPTICAL_FLOW.flow_comp_m_x	0.0116917
34739	81	M81:OPTICAL_FLOW.flow_comp_m_y	0.00927128
34840	81	M81:OPTICAL_FLOW.flow_comp_m_x	0.00471551
34840	81	M81:OPTICAL_FLOW.flow_comp_m_y	0.00861032
34942	81	M81:OPTICAL_FLOW.flow_comp_m_x	0.007847
34942	81	M81:OPTICAL_FLOW.flow_comp_m_y	0.0118521
35034	81	M81:OPTICAL_FLOW.flow_comp_m_x	0.00591249
35034	81	M81:OPTICAL_FLOW.flow_comp_m_y	0.011178
35136	81	M81:OPTICAL_FLOW.flow_comp_m_x	0.0041098
35136	81	M81:OPTICAL_FLOW.flow_comp_m_y	0.00599911
35237	81	M81:OPTICAL_FLOW.flow_comp_m_x	0.00697295
35237	81	M81:OPTICAL_FLOW.flow_comp_m_y	0.00709584
35330	81	M81:OPTICAL_FLOW.flow_comp_m_x	0.00139291
35330	81	M81:OPTICAL_FLOW.flow_comp_m_y	0.00102194
35431	81	M81:OPTICAL_FLOW.flow_comp_m_x	0.00360556
35431	81	M81:OPTICAL_FLOW.flow_comp_m_y	0.00460008
35531	81	M81:OPTICAL_FLOW.flow_comp_m_x	0.0125899
35531	81	M81:OPTICAL_FLOW.flow_comp_m_y	0.00997945
35625	81	M81:OPTICAL_FLOW.flow_comp_m_x	0.00976057
35625	81	M81:OPTICAL_FLOW.flow_comp_m_y	0.0090244
35727	81	M81:OPTICAL_FLOW.flow_comp_m_x	0.00819981
35727	81	M81:OPTICAL_FLOW.flow_comp_m_y	0.00582225
35827	81	M81:OPTICAL_FLOW.flow_comp_m_x	0.0128857
35827	81	M81:OPTICAL_FLOW.flow_comp_m_y	0.0131372
35921	81	M81:OPTICAL_FLOW.flow_comp_m_x	0.00549359
35921	81	M81:OPTICAL_FLOW.flow_comp_m_y	0.00312383
36022	81	M81:OPTICAL_FLOW.flow_comp_m_x	0.00993204
36022	81	M81:OPTICAL_FLOW.flow_comp_m_y	0.00690612
36123	81	M81:OPTICAL_FLOW.flow_comp_m_x	0.012107
36123	81	M81:OPTICAL_FLOW.flow_comp_m_y	0.0129985
36216	81	M81:OPTICAL_FLOW.flow_comp_m_x	0.00833493
36216	81	M81:OPTICAL_FLOW.flow_comp_m_y	0.0065832
36318	81	M81:OPTICAL_FLOW.flow_comp_m_x	0.00893942
36318	81	M81:OPTICAL_FLOW.flow_comp_m_y	0.00868669
36419	81	M81:OPTICAL_FLOW.flow_comp_m_x	0.00769536
36419	81	M81:OPTICAL_FLOW.flow_comp_m_y	0.0101231
36512	81	M81:OPTICAL_FLOW.flow_comp_m_x	0.00123464
36512	81	M81:OPTICAL_FLOW.flow_comp_m_y	0.00359968
36613	81	M81:OPTICAL_FLOW.flow_comp_m_x	0.00495087
36613	81	M81:OPTICAL_FLOW.flow_comp_m_y	0.00384813
36712	81	M81:OPTICAL_FLOW.flow_comp_m_x	0.0127282
36712	81	M81:OPTICAL_FLOW.flow_comp_m_y	0.00671252
36807	81	M81:OPTICAL_FLOW.flow_comp_m_x	0.0131593
36807	81	M81:OPTICAL_FLOW.flow_comp_m_y	0.0141566
36909	81	M81:OPTICAL_FLOW.flow_comp_m_x	0.0127633
36909	81	M81:OPTICAL_FLOW.flow_comp_m_y	0.0110045
37008	81	M81:OPTICAL_FLOW.flow_comp_m_x	0.0117506
37008	81	M81:OPTICAL_FLOW.flow_comp_m_y	0.00250186
37103	81	M81:OPTICAL_FLOW.flow_comp_m_x	0.0116701
37103	81	M81:OPTICAL_FLOW.flow_comp_m_y	0.00533633
37204	81	M81:OPTICAL_FLOW.flow_comp_m_x	0.0118404
37204	81	M81:OPTICAL_FLOW.flow_comp_m_y	0.0106808
37304	81	M81:OPTICAL_FLOW.flow_comp_m_x	0.00649181
37304	81	M81:OPTICAL_FLOW.flow_comp_m_y	0.00697551
37398	81	M81:OPTICAL_FLOW.flow_comp_m_x	0.0106934
37398	81	M81:OPTICAL_FLOW.flow_comp_m_y	0.00974646
37500	81	M81:OPTICAL_FLOW.flow_comp_m_x	0.00898356
37500	81	M81:OPTICAL_FLOW.flow_comp_m_y	0.00751649
37599	81	M81:OPTICAL_FLOW.flow_comp_m_x	0.00583846
37599	81	M81:OPTICAL_FLOW.flow_comp_m_y	0.00915197
37694	81	M81:OPTICAL_FLOW.flow_comp_m_x	0.00101209
37694	81	M81:OPTICAL_FLOW.flow_comp_m_y	0.00151069
37795	81	M81:OPTICAL_FLOW.flow_comp_m_x	0.00478799
37795	81	M81:OPTICAL_FLOW.flow_comp_m_y	0.00541992
37888	81	M81:OPTICAL_FLOW.flow_comp_m_x	0.00808011
37888	81	M81:OPTICAL_FLOW.flow_comp_m_y	0.00785104
37990	81	M81:OPTICAL_FLOW.flow_comp_m_x	0.0112066
37990	81	M81:OPTICAL_FLOW.flow_comp_m_y	0.012227
38088	81	M81:OPTICAL_FLOW.flow_comp_m_x	0.0138078
38088	81	M81:OPTICAL_FLOW.flow_comp_m_y	0.0105663
38184	81	M81:OPTICAL_FLOW.flow_comp_m_x	0.0127923
38184	81	M81:OPTICAL_FLOW.flow_comp_m_y	0.00414548
38285	81	M81:OPTICAL_FLOW.flow_comp_m_x	0.00850734
38285	81	M81:OPTICAL_FLOW.flow_comp_m_y	0.00639421
38387	81	M81:OPTICAL_FLOW.flow_comp_m_x	0.00952257
38387	81	M81:OPTICAL_FLOW.flow_comp_m_y	0.0110215
38479	81	M81:OPTICAL_FLOW.flow_comp_m_x	0.0154481
38479	81	M81:OPTICAL_FLOW.flow_comp_m_y	0.0168788
38580	81	M81:OPTICAL_FLOW.flow_comp_m_x	0.0115551
38580	81	M81:OPTICAL_FLOW.flow_comp_m_y	0.00839149
38682	81	M81:OPTICAL_FLOW.flow_comp_m_x	0.00842291
38682	81	M81:OPTICAL_FLOW.flow_comp_m_y	0.00351651
38775	81	M81:OPTICAL_FLOW.flow_comp_m_x	0.0019425
38775	81	M81:OPTICAL_FLOW.flow_comp_m_y	0.00184412
38876	81	M81:OPTICAL_FLOW.flow_comp_m_x	0.00778258
38876	81	M81:OPTICAL_FLOW.flow_comp_m_y	0.0132066
38976	81	M81:OPTICAL_FLOW.flow_comp_m_x	0.00939973
38976	81	M81:OPTICAL_FLOW.flow_comp_m_y	0.0124295
39070	81	M81:OPTICAL_FLOW.flow_comp_m_x	0.01161
39070	81	M81:OPTICAL_FLOW.flow_comp_m_y	0.00741167
39172	81	M81:OPTICAL_FLOW.flow_comp_m_x	0.0119979
39172	81	M81:OPTICAL_FLOW.flow_comp_m_y	0.0100153
39271	81	M81:OPTICAL_FLOW.flow_comp_m_x	0.0162781
39271	81	M81:OPTICAL_FLOW.flow_comp_m_y	0.0155215
39366	81	M81:OPTICAL_FLOW.flow_comp_m_x	0.00661431
39366	81	M81:OPTICAL_FLOW.flow_comp_m_y	0.00530072
39467	81	M81:OPTICAL_FLOW.flow_comp_m_x	0.00800707
39467	81	M81:OPTICAL_FLOW.flow_comp_m_y	0.00405728
39568	81	M81:OPTICAL_FLOW.flow_comp_m_x	0.0113799
39568	81	M81:OPTICAL_FLOW.flow_comp_m_y	0.0116986
39661	81	M81:OPTICAL_FLOW.flow_comp_m_x	0.008862
39661	81	M81:OPTICAL_FLOW.flow_comp_m_y	0.00709678
39762	81	M81:OPTICAL_FLOW.flow_comp_m_x	0.00892621
39762	81	M81:OPTICAL_FLOW.flow_comp_m_y	0.00621613
39862	81	M81:OPTICAL_FLOW.flow_comp_m_x	0.00368125
39862	81	M81:OPTICAL_FLOW.flow_comp_m_y	0.00143706
39957	81	M81:OPTICAL_FLOW.flow_comp_m_x	0.00182854
39957	81	M81:OPTICAL_FLOW.flow_comp_m_y	0.00300424
40058	81	M81:OPTICAL_FLOW.flow_comp_m_x	0.00870623
40058	81	M81:OPTICAL_FLOW.flow_comp_m_y	0.0081044
40157	81	M81:OPTICAL_FLOW.flow_comp_m_x	0.0124766
40157	81	M81:OPTICAL_FLOW.flow_comp_m_y	0.0137592
40252	81	M81:OPTICAL_FLOW.flow_comp_m_x	0.00741015
40252	81	M81:OPTICAL_FLOW.flow_comp_m_y	0.00723754
40354	81	M81:OPTICAL_FLOW.flow_comp_m_x	0.00753449
40354	81	M81:OPTICAL_FLOW.flow_comp_m_y	0.00852946
40453	81	M81:OPTICAL_FLOW.flow_comp_m_x	0.00665136
40453	81	M81:OPTICAL_FLOW.flow_comp_m_y	0.00969506
40548	81	M81:OPTICAL_FLOW.flow_comp_m_x	0.00671574
40548	81	M81:OPTICAL_FLOW.flow_comp_m_y	0.00293137
40648	81	M81:OPTICAL_FLOW.flow_comp_m_x	0.00965914
40648	81	M81:OPTICAL_FLOW.flow_comp_m_y	0.00881413
40750	81	M81:OPTICAL_FLOW.flow_comp_m_x	0.00844005
40750	81	M81:OPTICAL_FLOW.flow_comp_m_y	0.0106204
40844	81	M81:OPTICAL_FLOW.flow_comp_m_x	0.0080121
40844	81	M81:OPTICAL_FLOW.flow_comp_m_y	0.0047203
40944	81	M81:OPTICAL_FLOW.flow_comp_m_x	0.00143757
40944	81	M81:OPTICAL_FLOW.flow_comp_m_y	0.000761816
41038	81	M81:OPTICAL_FLOW.flow_comp_m_x	0.00187263
41038	81	M81:OPTICAL_FLOW.flow_comp_m_y	0.00137911
