0	81	M81:OPTICAL_FLOW.flow_comp_m_x	0.00121424
0	81	M81:OPTICAL_FLOW.flow_comp_m_y	0.00045858
93	81	M81:OPTICAL_FLOW.flow_comp_m_x	0.00265952
93	81	M81:OPTICAL_FLOW.flow_comp_m_y	0.00245141
195	81	M81:OPTICAL_FLOW.flow_comp_m_x	0.00137577
195	81	M81:OPTICAL_FLOW.flow_comp_m_y	0.00315413
295	81	M81:OPTICAL_FLOW.flow_comp_m_x	0.000845762
295	81	M81:OPTICAL_FLOW.flow_comp_m_y	0.00303503
390	81	M81:OPTICAL_FLOW.flow_comp_m_x	0.00178893
390	81	M81:OPTICAL_FLOW.flow_comp_m_y	0.00251097
490	81	M81:OPTICAL_FLOW.flow_comp_m_x	0.00163697
490	81	M81:OPTICAL_FLOW.flow_comp_m_y	0.00129679
590	81	M81:OPTICAL_FLOW.flow_comp_m_x	0.00229421
590	81	M81:OPTICAL_FLOW.flow_comp_m_y	0.00268135
685	81	M81:OPTICAL_FLOW.flow_comp_m_x	0.00207072
685	81	M81:OPTICAL_FLOW.flow_comp_m_y	0.00203743
787	81	M81:OPTICAL_FLOW.flow_comp_m_x	0.00274826
787	81	M81:OPTICAL_FLOW.flow_comp_m_y	0.000770813
886	81	M81:OPTICAL_FLOW.flow_comp_m_x	0.00521462
886	81	M81:OPTICAL_FLOW.flow_comp_m_y	0.00679917
981	81	M81:OPTICAL_FLOW.flow_comp_m_x	0.0114181
981	81	M81:OPTICAL_FLOW.flow_comp_m_y	0.0163561
1082	81	M81:OPTICAL_FLOW.flow_comp_m_x	0.0101934
1082	81	M81:OPTICAL_FLOW.flow_comp_m_y	0.0111647
1175	81	M81:OPTICAL_FLOW.flow_comp_m_x	0.0167661
1175	81	M81:OPTICAL_FLOW.flow_comp_m_y	0.0171672
1277	81	M81:OPTICAL_FLOW.flow_comp_m_x	0.00732984
1277	81	M81:OPTICAL_FLOW.flow_comp_m_y	0.0125545
1377	81	M81:OPTICAL_FLOW.flow_comp_m_x	0.00358754
1377	81	M81:OPTICAL_FLOW.flow_comp_m_y	0.00226337
1471	81	M81:OPTICAL_FLOW.flow_comp_m_x	0.0296643
1471	81	M81:OPTICAL_FLOW.flow_comp_m_y	0.0154204
1572	81	M81:OPTICAL_FLOW.flow_comp_m_x	0.022596
1572	81	M81:OPTICAL_FLOW.flow_comp_m_y	0.0171086
1672	81	M81:OPTICAL_FLOW.flow_comp_m_x	0.0112257
1672	81	M81:OPTICAL_FLOW.flow_comp_m_y	0.00773765
1766	81	M81:OPTICAL_FLOW.flow_comp_m_x	0.00815388
1766	81	M81:OPTICAL_FLOW.flow_comp_m_y	0.0116716
1868	81	M81:OPTICAL_FLOW.flow_comp_m_x	0.0130989
1868	81	M81:OPTICAL_FLOW.flow_comp_m_y	0.00665455
1968	81	M81:OPTICAL_FLOW.flow_comp_m_x	0.00520285
1968	81	M81:OPTICAL_FLOW.flow_comp_m_y	0.0044416
2062	81	M81:OPTICAL_FLOW.flow_comp_m_x	0.0079413
2062	81	M81:OPTICAL_FLOW.flow_comp_m_y	0.00709882
2163	81	M81:OPTICAL_FLOW.flow_comp_m_x	0.00412278
2163	81	M81:OPTICAL_FLOW.flow_comp_m_y	0.00620784
2264	81	M81:OPTICAL_FLOW.flow_comp_m_x	0.0034084
2264	81	M81:OPTICAL_FLOW.flow_comp_m_y	0.00383072
2357	81	M81:OPTICAL_FLOW.flow_comp_m_x	0.00384086
2357	81	M81:OPTICAL_FLOW.flow_comp_m_y	0.00213633
2458	81	M81:OPTICAL_FLOW.flow_comp_m_x	0.0183977
2458	81	M81:OPTICAL_FLOW.flow_comp_m_y	0.0112264
2560	81	M81:OPTICAL_FLOW.flow_comp_m_x	0.0124082
2560	81	M81:OPTICAL_FLOW.flow_comp_m_y	0.0129249
2653	81	M81:OPTICAL_FLOW.flow_comp_m_x	0.00941148
2653	81	M81:OPTICAL_FLOW.flow_comp_m_y	0.00897236
2754	81	M81:OPTICAL_FLOW.flow_comp_m_x	0.0114398
2754	81	M81:OPTICAL_FLOW.flow_comp_m_y	0.00538081
2854	81	M81:OPTICAL_FLOW.flow_comp_m_x	0.00979909
2854	81	M81:OPTICAL_FLOW.flow_comp_m_y	0.00656429
2949	81	M81:OPTICAL_FLOW.flow_comp_m_x	0.00326896
2949	81	M81:OPTICAL_FLOW.flow_comp_m_y	0.00486087
3050	81	M81:OPTICAL_FLOW.flow_comp_m_x	0.00420436
3050	81	M81:OPTICAL_FLOW.flow_comp_m_y	0.00798622
3149	81	M81:OPTICAL_FLOW.flow_comp_m_x	0.0115795
3149	81	M81:OPTICAL_FLOW.flow_comp_m_y	0.0201664
3244	81	M81:OPTICAL_FLOW.flow_comp_m_x	0.0127669
3244	81	M81:OPTICAL_FLOW.flow_comp_m_y	0.0138321
3345	81	M81:OPTICAL_FLOW.flow_comp_m_x	0.0102348
3345	81	M81:OPTICAL_FLOW.flow_comp_m_y	0.00945523
3446	81	M81:OPTICAL_FLOW.flow_comp_m_x	0.0318889
3446	81	M81:OPTICAL_FLOW.flow_comp_m_y	0.0331336
3540	81	M81:OPTICAL_FLOW.flow_comp_m_x	0.00936486
3540	81	M81:OPTICAL_FLOW.flow_comp_m_y	0.0110665
3640	81	M81:OPTICAL_FLOW.flow_comp_m_x	0.0159411
3640	81	M81:OPTICAL_FLOW.flow_comp_m_y	0.017554
3740	81	M81:OPTICAL_FLOW.flow_comp_m_x	0.00880769
3740	81	M81:OPTICAL_FLOW.flow_comp_m_y	0.0138829
3835	81	M81:OPTICAL_FLOW.flow_comp_m_x	0.00818137
3835	81	M81:OPTICAL_FLOW.flow_comp_m_y	0.00460042
3935	81	M81:OPTICAL_FLOW.flow_comp_m_x	0.00326664
3935	81	M81:OPTICAL_FLOW.flow_comp_m_y	0.00334019
4036	81	M81:OPTICAL_FLOW.flow_comp_m_x	0.004998
4036	81	M81:OPTICAL_FLOW.flow_comp_m_y	0.012131
4131	81	M81:OPTICAL_FLOW.flow_comp_m_x	0.00310745
4131	81	M81:OPTICAL_FLOW.flow_comp_m_y	0.00293301
4232	81	M81:OPTICAL_FLOW.flow_comp_m_x	0.00994289
4232	81	M81:OPTICAL_FLOW.flow_comp_m_y	0.00845547
4325	81	M81:OPTICAL_FLOW.flow_comp_m_x	0.0125453
4325	81	M81:OPTICAL_FLOW.flow_comp_m_y	0.0108754
4426	81	M81:OPTICAL_FLOW.flow_comp_m_x	0.0153632
4426	81	M81:OPTICAL_FLOW.flow_comp_m_y	0.0157752
4528	81	M81:OPTICAL_FLOW.flow_comp_m_x	0.0159297
4528	81	M81:OPTICAL_FLOW.flow_comp_m_y	0.0169982
4620	81	M81:OPTICAL_FLOW.flow_comp_m_x	0.0177749
4620	81	M81:OPTICAL_FLOW.flow_comp_m_y	0.0149433
4722	81	M81:OPTICAL_FLOW.flow_comp_m_x	0.0184032
4722	81	M81:OPTICAL_FLOW.flow_comp_m_y	0.0089763
4822	81	M81:OPTICAL_FLOW.flow_comp_m_x	0.0200084
4822	81	M81:OPTICAL_FLOW.flow_comp_m_y	0.0171143
4916	81	M81:OPTICAL_FLOW.flow_comp_m_x	0.015504
4916	81	M81:OPTICAL_FLOW.flow_comp_m_y	0.0134025
5017	81	M81:OPTICAL_FLOW.flow_comp_m_x	0.00973162
5017	81	M81:OPTICAL_FLOW.flow_comp_m_y	0.0103319
5117	81	M81:OPTICAL_FLOW.flow_comp_m_x	0.0259292
5117	81	M81:OPTICAL_FLOW.flow_comp_m_y	0.0266689
5212	81	M81:OPTICAL_FLOW.flow_comp_m_x	0.0194781
5212	81	M81:OPTICAL_FLOW.flow_comp_m_y	0.0186809
5313	81	M81:OPTICAL_FLOW.flow_comp_m_x	0.0161138
5313	81	M81:OPTICAL_FLOW.flow_comp_m_y	0.0178215
5413	81	M81:OPTICAL_FLOW.flow_comp_m_x	0.0159302
5413	81	M81:OPTICAL_FLOW.flow_comp_m_y	0.0140826
5507	81	M81:OPTICAL_FLOW.flow_comp_m_x	0.0134982
5507	81	M81:OPTICAL_FLOW.flow_comp_m_y	0.0144178
5607	81	M81:OPTICAL_FLOW.flow_comp_m_x	0.0149495
5607	81	M81:OPTICAL_FLOW.flow_comp_m_y	0.0120829
5709	81	M81:OPTICAL_FLOW.flow_comp_m_x	0.0132986
5709	81	M81:OPTICAL_FLOW.flow_comp_m_y	0.00770455
5803	81	M81:OPTICAL_FLOW.flow_comp_m_x	0.0028083
5803	81	M81:OPTICAL_FLOW.flow_comp_m_y	0.000245341
5903	81	M81:OPTICAL_FLOW.flow_comp_m_x	0.0123831
5903	81	M81:OPTICAL_FLOW.flow_comp_m_y	0.00658448
6003	81	M81:OPTICAL_FLOW.flow_comp_m_x	0.0174214
6003	81	M81:OPTICAL_FLOW.flow_comp_m_y	0.0146786
6098	81	M81:OPTICAL_FLOW.flow_comp_m_x	0.0163813
6098	81	M81:OPTICAL_FLOW.flow_comp_m_y	0.0149909
6200	81	M81:OPTICAL_FLOW.flow_comp_m_x	0.0128938
6200	81	M81:OPTICAL_FLOW.flow_comp_m_y	0.0131644
6299	81	M81:OPTICAL_FLOW.flow_comp_m_x	0.0137282
6299	81	M81:OPTICAL_FLOW.flow_comp_m_y	0.0141549
6394	81	M81:OPTICAL_FLOW.flow_comp_m_x	0.0148492
6394	81	M81:OPTICAL_FLOW.flow_comp_m_y	0.0141715
6495	81	M81:OPTICAL_FLOW.flow_comp_m_x	0.0167344
6495	81	M81:OPTICAL_FLOW.flow_comp_m_y	0.0156885
6595	81	M81:OPTICAL_FLOW.flow_comp_m_x	0.00904288
6595	81	M81:OPTICAL_FLOW.flow_comp_m_y	0.0156435
6689	81	M81:OPTICAL_FLOW.flow_comp_m_x	0.00539452
6689	81	M81:OPTICAL_FLOW.flow_comp_m_y	0.00227065
6790	81	M81:OPTICAL_FLOW.flow_comp_m_x	0.020893
6790	81	M81:OPTICAL_FLOW.flow_comp_m_y	0.0227306
6891	81	M81:OPTICAL_FLOW.flow_comp_m_x	0.0126621
6891	81	M81:OPTICAL_FLOW.flow_comp_m_y	0.0189857
6985	81	M81:OPTICAL_FLOW.flow_comp_m_x	0.0130264
6985	81	M81:OPTICAL_FLOW.flow_comp_m_y	0.0114742
7084	81	M81:OPTICAL_FLOW.flow_comp_m_x	0.0118088
7084	81	M81:OPTICAL_FLOW.flow_comp_m_y	0.0143612
7179	81	M81:OPTICAL_FLOW.flow_comp_m_x	0.00755025
7179	81	M81:OPTICAL_FLOW.flow_comp_m_y	0.00856387
7281	81	M81:OPTICAL_FLOW.flow_comp_m_x	0.0107782
7281	81	M81:OPTICAL_FLOW.flow_comp_m_y	0.0114293
7382	81	M81:OPTICAL_FLOW.flow_comp_m_x	0.00952238
7382	81	M81:OPTICAL_FLOW.flow_comp_m_y	0.0114055
7475	81	M81:OPTICAL_FLOW.flow_comp_m_x	0.0100154
7475	81	M81:OPTICAL_FLOW.flow_comp_m_y	0.0123697
7576	81	M81:OPTICAL_FLOW.flow_comp_m_x	0.0118572
7576	81	M81:OPTICAL_FLOW.flow_comp_m_y	0.00758806
7677	81	M81:OPTICAL_FLOW.flow_comp_m_x	0.00703209
7677	81	M81:OPTICAL_FLOW.flow_comp_m_y	0.0103403
7770	81	M81:OPTICAL_FLOW.flow_comp_m_x	0.0110829
7770	81	M81:OPTICAL_FLOW.flow_comp_m_y	0.00397009
7872	81	M81:OPTICAL_FLOW.flow_comp_m_x	0.0170863
7872	81	M81:OPTICAL_FLOW.flow_comp_m_y	0.0165359
7972	81	M81:OPTICAL_FLOW.flow_comp_m_x	0.0144059
7972	81	M81:OPTICAL_FLOW.flow_comp_m_y	0.0152503
8066	81	M81:OPTICAL_FLOW.flow_comp_m_x	0.0149383
8066	81	M81:OPTICAL_FLOW.flow_comp_m_y	0.0141365
8167	81	M81:OPTICAL_FLOW.flow_comp_m_x	0.0100648
8167	81	M81:OPTICAL_FLOW.flow_comp_m_y	0.0123303
8267	81	M81:OPTICAL_FLOW.flow_comp_m_x	0.00966792
8267	81	M81:OPTICAL_FLOW.flow_comp_m_y	0.0118417
8361	81	M81:OPTICAL_FLOW.flow_comp_m_x	0.0118073
8361	81	M81:OPTICAL_FLOW.flow_comp_m_y	0.0139586
8463	81	M81:OPTICAL_FLOW.flow_comp_m_x	0.00992175
8463	81	M81:OPTICAL_FLOW.flow_comp_m_y	0.0129402
8562	81	M81:OPTICAL_FLOW.flow_comp_m_x	0.000980981
8562	81	M81:OPTICAL_FLOW.flow_comp_m_y	0.00163163
8657	81	M81:OPTICAL_FLOW.flow_comp_m_x	0.0105756
8657	81	M81:OPTICAL_FLOW.flow_comp_m_y	0.00554087
8758	81	M81:OPTICAL_FLOW.flow_comp_m_x	0.0127637
8758	81	M81:OPTICAL_FLOW.flow_comp_m_y	0.0135441
8858	81	M81:OPTICAL_FLOW.flow_comp_m_x	0.0105109
8858	81	M81:OPTICAL_FLOW.flow_comp_m_y	0.0121388
8952	81	M81:OPTICAL_FLOW.flow_comp_m_x	0.0112474
8952	81	M81:OPTICAL_FLOW.flow_comp_m_y	0.0134003
9052	81	M81:OPTICAL_FLOW.flow_comp_m_x	0.0124387
9052	81	M81:OPTICAL_FLOW.flow_comp_m_y	0.0119639
9155	81	M81:OPTICAL_FLOW.flow_comp_m_x	0.0122728
9155	81	M81:OPTICAL_FLOW.flow_comp_m_y	0.014302
9248	81	M81:OPTICAL_FLOW.flow_comp_m_x	0.00970857
9248	81	M81:OPTICAL_FLOW.flow_comp_m_y	0.0122886
9349	81	M81:OPTICAL_FLOW.flow_comp_m_x	0.00603664
9349	81	M81:OPTICAL_FLOW.flow_comp_m_y	0.00767388
9448	81	M81:OPTICAL_FLOW.flow_comp_m_x	0.00330728
9448	81	M81:OPTICAL_FLOW.flow_comp_m_y	0.00181559
9543	81	M81:OPTICAL_FLOW.flow_comp_m_x	0.00979007
9543	81	M81:OPTICAL_FLOW.flow_comp_m_y	0.00565369
9645	81	M81:OPTICAL_FLOW.flow_comp_m_x	0.0143008
9645	81	M81:OPTICAL_FLOW.flow_comp_m_y	0.0148497
9744	81	M81:OPTICAL_FLOW.flow_comp_m_x	0.0131516
9744	81	M81:OPTICAL_FLOW.flow_comp_m_y	0.013949
9839	81	M81:OPTICAL_FLOW.flow_comp_m_x	0.00878256
9839	81	M81:OPTICAL_FLOW.flow_comp_m_y	0.00889958
9940	81	M81:OPTICAL_FLOW.flow_comp_m_x	0.00793813
9940	81	M81:OPTICAL_FLOW.flow_comp_m_y	0.0108941
10040	81	M81:OPTICAL_FLOW.flow_comp_m_x	0.00593313
10040	81	M81:OPTICAL_FLOW.flow_comp_m_y	0.00983795
10135	81	M81:OPTICAL_FLOW.flow_comp_m_x	0.00676591
10135	81	M81:OPTICAL_FLOW.flow_comp_m_y	0.0084183
10235	81	M81:OPTICAL_FLOW.flow_comp_m_x	0.00808844
10235	81	M81:OPTICAL_FLOW.flow_comp_m_y	0.00913856
10329	81	M81:OPTICAL_FLOW.flow_comp_m_x	0.00835523
10329	81	M81:OPTICAL_FLOW.flow_comp_m_y	0.00924636
10430	81	M81:OPTICAL_FLOW.flow_comp_m_x	0.00413394
10430	81	M81:OPTICAL_FLOW.flow_comp_m_y	0.00352642
10532	81	M81:OPTICAL_FLOW.flow_comp_m_x	0.0124247
10532	81	M81:OPTICAL_FLOW.flow_comp_m_y	0.0125542
10624	81	M81:OPTICAL_FLOW.flow_comp_m_x	0.0135204
10624	81	M81:OPTICAL_FLOW.flow_comp_m_y	0.00840982
10726	81	M81:OPTICAL_FLOW.flow_comp_m_x	0.0116104
10726	81	M81:OPTICAL_FLOW.flow_comp_m_y	0.0127277
10826	81	M81:OPTICAL_FLOW.flow_comp_m_x	0.0120631
10826	81	M81:OPTICAL_FLOW.flow_comp_m_y	0.0159218
10920	81	M81:OPTICAL_FLOW.flow_comp_m_x	0.0117835
10920	81	M81:OPTICAL_FLOW.flow_comp_m_y	0.0133031
11021	81	M81:OPTICAL_FLOW.flow_comp_m_x	0.0118949
11021	81	M81:OPTICAL_FLOW.flow_comp_m_y	0.00815608
11122	81	M81:OPTICAL_FLOW.flow_comp_m_x	0.0107387
11122	81	M81:OPTICAL_FLOW.flow_comp_m_y	0.0114856
11215	81	M81:OPTICAL_FLOW.flow_comp_m_x	0.00995435
11215	81	M81:OPTICAL_FLOW.flow_comp_m_y	0.0105034
11317	81	M81:OPTICAL_FLOW.flow_comp_m_x	0.00132133
11317	81	M81:OPTICAL_FLOW.flow_comp_m_y	0.00180028
11417	81	M81:OPTICAL_FLOW.flow_comp_m_x	0.0122137
11417	81	M81:OPTICAL_FLOW.flow_comp_m_y	0.0111156
11511	81	M81:OPTICAL_FLOW.flow_comp_m_x	0.0170391
11511	81	M81:OPTICAL_FLOW.flow_comp_m_y	0.0094781
11612	81	M81:OPTICAL_FLOW.flow_comp_m_x	0.0141137
11612	81	M81:OPTICAL_FLOW.flow_comp_m_y	0.0136795
11711	81	M81:OPTICAL_FLOW.flow_comp_m_x	0.00994937
11711	81	M81:OPTICAL_FLOW.flow_comp_m_y	0.0106987
11806	81	M81:OPTICAL_FLOW.flow_comp_m_x	0.0091271
11806	81	M81:OPTICAL_FLOW.flow_comp_m_y	0.0102059
11908	81	M81:OPTICAL_FLOW.flow_comp_m_x	0.00808895
11908	81	M81:OPTICAL_FLOW.flow_comp_m_y	0.00492082
12007	81	M81:OPTICAL_FLOW.flow_comp_m_x	0.0100375
12007	81	M81:OPTICAL_FLOW.flow_comp_m_y	0.00618498
12102	81	M81:OPTICAL_FLOW.flow_comp_m_x	0.0132701
12102	81	M81:OPTICAL_FLOW.flow_comp_m_y	0.0126978
12203	81	M81:OPTICAL_FLOW.flow_comp_m_x	0.00301889
12203	81	M81:OPTICAL_FLOW.flow_comp_m_y	0.00609291
12304	81	M81:OPTICAL_FLOW.flow_comp_m_x	0.0140248
12304	81	M81:OPTICAL_FLOW.flow_comp_m_y	0.0131023
12397	81	M81:OPTICAL_FLOW.flow_comp_m_x	0.0173677
12397	81	M81:OPTICAL_FLOW.flow_comp_m_y	0.0193618
12497	81	M81:OPTICAL_FLOW.flow_comp_m_x	0.0151349
12497	81	M81:OPTICAL_FLOW.flow_comp_m_y	0.0146948
12599	81	M81:OPTICAL_FLOW.flow_comp_m_x	0.0113544
12599	81	M81:OPTICAL_FLOW.flow_comp_m_y	0.0141708
12693	81	M81:OPTICAL_FLOW.flow_comp_m_x	0.00580431
12693	81	M81:OPTICAL_FLOW.flow_comp_m_y	0.00668261
12795	81	M81:OPTICAL_FLOW.flow_comp_m_x	0.00645448
12795	81	M81:OPTICAL_FLOW.flow_comp_m_y	0.00465299
12894	81	M81:OPTICAL_FLOW.flow_comp_m_x	0.00726974
12894	81	M81:OPTICAL_FLOW.flow_comp_m_y	0.0109455
12989	81	M81:OPTICAL_FLOW.flow_comp_m_x	0.00793674
12989	81	M81:OPTICAL_FLOW.flow_comp_m_y	0.00646901
13090	81	M81:OPTICAL_FLOW.flow_comp_m_x	0.00593372
13090	81	M81:OPTICAL_FLOW.flow_comp_m_y	0.00544807
13189	81	M81:OPTICAL_FLOW.flow_comp_m_x	0.00533017
13189	81	M81:OPTICAL_FLOW.flow_comp_m_y	0.00656906
13284	81	M81:OPTICAL_FLOW.flow_comp_m_x	0.00816715
13284	81	M81:OPTICAL_FLOW.flow_comp_m_y	0.00996347
13385	81	M81:OPTICAL_FLOW.flow_comp_m_x	0.0108326
13385	81	M81:OPTICAL_FLOW.flow_comp_m_y	0.0125314
13478	81	M81:OPTICAL_FLOW.flow_comp_m_x	0.0110514
13478	81	M81:OPTICAL_FLOW.flow_comp_m_y	0.00734189
13580	81	M81:OPTICAL_FLOW.flow_comp_m_x	0.0120736
13580	81	M81:OPTICAL_FLOW.flow_comp_m_y	0.0132648
13679	81	M81:OPTICAL_FLOW.flow_comp_m_x	0.00938263
13679	81	M81:OPTICAL_FLOW.flow_comp_m_y	0.0108191
13774	81	M81:OPTICAL_FLOW.flow_comp_m_x	0.00781662
13774	81	M81:OPTICAL_FLOW.flow_comp_m_y	0.0105609
13875	81	M81:OPTICAL_FLOW.flow_comp_m_x	0.00799176
13875	81	M81:OPTICAL_FLOW.flow_comp_m_y	0.00495344
13977	81	M81:OPTICAL_FLOW.flow_comp_m_x	0.00960159
13977	81	M81:OPTICAL_FLOW.flow_comp_m_y	0.0112599
14069	81	M81:OPTICAL_FLOW.flow_comp_m_x	0.00265102
14069	81	M81:OPTICAL_FLOW.flow_comp_m_y	0.0052785
14171	81	M81:OPTICAL_FLOW.flow_comp_m_x	0.00606067
14171	81	M81:OPTICAL_FLOW.flow_comp_m_y	0.00612016
14271	81	M81:OPTICAL_FLOW.flow_comp_m_x	0.0144281
14271	81	M81:OPTICAL_FLOW.flow_comp_m_y	0.0134514
14365	81	M81:OPTICAL_FLOW.flow_comp_m_x	0.0130844
14365	81	M81:OPTICAL_FLOW.flow_comp_m_y	0.0135786
14466	81	M81:OPTICAL_FLOW.flow_comp_m_x	0.0112173
14466	81	M81:OPTICAL_FLOW.flow_comp_m_y	0.0115963
14567	81	M81:OPTICAL_FLOW.flow_comp_m_x	0.012411
14567	81	M81:OPTICAL_FLOW.flow_comp_m_y	0.0145798
14660	81	M81:OPTICAL_FLOW.flow_comp_m_x	0.00761171
14660	81	M81:OPTICAL_FLOW.flow_comp_m_y	0.00946813
14762	81	M81:OPTICAL_FLOW.flow_comp_m_x	0.0072551
14762	81	M81:OPTICAL_FLOW.flow_comp_m_y	0.00482344
14862	81	M81:OPTICAL_FLOW.flow_comp_m_x	0.00805287
14862	81	M81:OPTICAL_FLOW.flow_comp_m_y	0.00605595
14956	81	M81:OPTICAL_FLOW.flow_comp_m_x	0.00830529
14956	81	M81:OPTICAL_FLOW.flow_comp_m_y	0.00495556
15057	81	M81:OPTICAL_FLOW.flow_comp_m_x	0.00109074
15057	81	M81:OPTICAL_FLOW.flow_comp_m_y	0.00186034
15156	81	M81:OPTICAL_FLOW.flow_comp_m_x	0.0113394
15156	81	M81:OPTICAL_FLOW.flow_comp_m_y	0.0126175
15252	81	M81:OPTICAL_FLOW.flow_comp_m_x	0.0143429
15252	81	M81:OPTICAL_FLOW.flow_comp_m_y	0.01403
15353	81	M81:OPTICAL_FLOW.flow_comp_m_x	0.0105527
15353	81	M81:OPTICAL_FLOW.flow_comp_m_y	0.0125156
15452	81	M81:OPTICAL_FLOW.flow_comp_m_x	0.00723455
15452	81	M81:OPTICAL_FLOW.flow_comp_m_y	0.00408455
15547	81	M81:OPTICAL_FLOW.flow_comp_m_x	0.00830427
15547	81	M81:OPTICAL_FLOW.flow_comp_m_y	0.00924367
15647	81	M81:OPTICAL_FLOW.flow_comp_m_x	0.0064192
15647	81	M81:OPTICAL_FLOW.flow_comp_m_y	0.00876833
15749	81	M81:OPTICAL_FLOW.flow_comp_m_x	0.00839923
15749	81	M81:OPTICAL_FLOW.flow_comp_m_y	0.0122628
15843	81	M81:OPTICAL_FLOW.flow_comp_m_x	0.0108158
15843	81	M81:OPTICAL_FLOW.flow_comp_m_y	0.00746558
15944	81	M81:OPTICAL_FLOW.flow_comp_m_x	0.00535139
15944	81	M81:OPTICAL_FLOW.flow_comp_m_y	0.0079868
16043	81	M81:OPTICAL_FLOW.flow_comp_m_x	0.00463749
16043	81	M81:OPTICAL_FLOW.flow_comp_m_y	0.00754869
16138	81	M81:OPTICAL_FLOW.flow_comp_m_x	0.00842567
16138	81	M81:OPTICAL_FLOW.flow_comp_m_y	0.00788708
16240	81	M81:OPTICAL_FLOW.flow_comp_m_x	0.0145918
16240	81	M81:OPTICAL_FLOW.flow_comp_m_y	0.0088931
16339	81	M81:OPTICAL_FLOW.flow_comp_m_x	0.0134657
16339	81	M81:OPTICAL_FLOW.flow_comp_m_y	0.0181827
16434	81	M81:OPTICAL_FLOW.flow_comp_m_x	0.0126354
16434	81	M81:OPTICAL_FLOW.flow_comp_m_y	0.0138984
16535	81	M81:OPTICAL_FLOW.flow_comp_m_x	0.0121743
16535	81	M81:OPTICAL_FLOW.flow_comp_m_y	0.01269
16628	81	M81:OPTICAL_FLOW.flow_comp_m_x	0.0109153
16628	81	M81:OPTICAL_FLOW.flow_comp_m_y	0.0122577
16729	81	M81:OPTICAL_FLOW.flow_comp_m_x	0.0107086
16729	81	M81:OPTICAL_FLOW.flow_comp_m_y	0.00454713
16829	81	M81:OPTICAL_FLOW.flow_comp_m_x	0.00301461
16829	81	M81:OPTICAL_FLOW.flow_comp_m_y	0.00295748
16924	81	M81:OPTICAL_FLOW.flow_comp_m_x	0.0049874
16924	81	M81:OPTICAL_FLOW.flow_comp_m_y	0.0027407
17025	81	M81:OPTICAL_FLOW.flow_comp_m_x	0.012716
17025	81	M81:OPTICAL_FLOW.flow_comp_m_y	0.0133401
17127	81	M81:OPTICAL_FLOW.flow_comp_m_x	0.0092081
17127	81	M81:OPTICAL_FLOW.flow_comp_m_y	0.00880325
17219	81	M81:OPTICAL_FLOW.flow_comp_m_x	0.00841678
17219	81	M81:OPTICAL_FLOW.flow_comp_m_y	0.0104676
17321	81	M81:OPTICAL_FLOW.flow_comp_m_x	0.00975188
17321	81	M81:OPTICAL_FLOW.flow_comp_m_y	0.010504
17420	81	M81:OPTICAL_FLOW.flow_comp_m_x	0.0100519
17420	81	M81:OPTICAL_FLOW.flow_comp_m_y	0.0114868
17515	81	M81:OPTICAL_FLOW.flow_comp_m_x	0.012924
17515	81	M81:OPTICAL_FLOW.flow_comp_m_y	0.0171387
17616	81	M81:OPTICAL_FLOW.flow_comp_m_x	0.012718
17616	81	M81:OPTICAL_FLOW.flow_comp_m_y	0.0139501
17716	81	M81:OPTICAL_FLOW.flow_comp_m_x	0.00597124
17716	81	M81:OPTICAL_FLOW.flow_comp_m_y	0.00811318
17810	81	M81:OPTICAL_FLOW.flow_comp_m_x	0.0069834
17810	81	M81:OPTICAL_FLOW.flow_comp_m_y	0.00326324
17912	81	M81:OPTICAL_FLOW.flow_comp_m_x	0.0138203
17912	81	M81:OPTICAL_FLOW.flow_comp_m_y	0.0141883
18011	81	M81:OPTICAL_FLOW.flow_comp_m_x	0.0129245
18011	81	M81:OPTICAL_FLOW.flow_comp_m_y	0.0137292
18106	81	M81:OPTICAL_FLOW.flow_comp_m_x	0.0170462
18106	81	M81:OPTICAL_FLOW.flow_comp_m_y	0.0156947
18207	81	M81:OPTICAL_FLOW.flow_comp_m_x	0.0157744
18207	81	M81:OPTICAL_FLOW.flow_comp_m_y	0.00912115
18307	81	M81:OPTICAL_FLOW.flow_comp_m_x	0.0109722
18307	81	M81:OPTICAL_FLOW.flow_comp_m_y	0.00702606
18401	81	M81:OPTICAL_FLOW.flow_comp_m_x	0.00787502
18401	81	M81:OPTICAL_FLOW.flow_comp_m_y	0.00820126
18503	81	M81:OPTICAL_FLOW.flow_comp_m_x	0.00771323
18503	81	M81:OPTICAL_FLOW.flow_comp_m_y	0.00954736
18602	81	M81:OPTICAL_FLOW.flow_comp_m_x	0.00424669
18602	81	M81:OPTICAL_FLOW.flow_comp_m_y	0.00634462
18697	81	M81:OPTICAL_FLOW.flow_comp_m_x	0.013676
18697	81	M81:OPTICAL_FLOW.flow_comp_m_y	0.00741145
18798	81	M81:OPTICAL_FLOW.flow_comp_m_x	0.0171225
18798	81	M81:OPTICAL_FLOW.flow_comp_m_y	0.0126832
18898	81	M81:OPTICAL_FLOW.flow_comp_m_x	0.0145136
18898	81	M81:OPTICAL_FLOW.flow_comp_m_y	0.0154806
18992	81	M81:OPTICAL_FLOW.flow_comp_m_x	0.0124452
18992	81	M81:OPTICAL_FLOW.flow_comp_m_y	0.0142965
19094	81	M81:OPTICAL_FLOW.flow_comp_m_x	0.00975304
19094	81	M81:OPTICAL_FLOW.flow_comp_m_y	0.0115191
19194	81	M81:OPTICAL_FLOW.flow_comp_m_x	0.00822735
19194	81	M81:OPTICAL_FLOW.flow_comp_m_y	0.0144975
19288	81	M81:OPTICAL_FLOW.flow_comp_m_x	0.00747825
19288	81	M81:OPTICAL_FLOW.flow_comp_m_y	0.00948122
19389	81	M81:OPTICAL_FLOW.flow_comp_m_x	0.00323594
19389	81	M81:OPTICAL_FLOW.flow_comp_m_y	0.00506723
19488	81	M81:OPTICAL_FLOW.flow_comp_m_x	0.0102475
19488	81	M81:OPTICAL_FLOW.flow_comp_m_y	0.0158287
19583	81	M81:OPTICAL_FLOW.flow_comp_m_x	0.0112254
19583	81	M81:OPTICAL_FLOW.flow_comp_m_y	0.0128917
19685	81	M81:OPTICAL_FLOW.flow_comp_m_x	0.0122421
19685	81	M81:OPTICAL_FLOW.flow_comp_m_y	0.0144374
19778	81	M81:OPTICAL_FLOW.flow_comp_m_x	0.00945928
19778	81	M81:OPTICAL_FLOW.flow_comp_m_y	0.00533972
19879	81	M81:OPTICAL_FLOW.flow_comp_m_x	0.0105841
19879	81	M81:OPTICAL_FLOW.flow_comp_m_y	0.0115509
19979	81	M81:OPTICAL_FLOW.flow_comp_m_x	0.0106013
19979	81	M81:OPTICAL_FLOW.flow_comp_m_y	0.00932896
20073	81	M81:OPTICAL_FLOW.flow_comp_m_x	0.00809966
20073	81	M81:OPTICAL_FLOW.flow_comp_m_y	0.00792457
20175	81	M81:OPTICAL_FLOW.flow_comp_m_x	0.000604676
20175	81	M81:OPTICAL_FLOW.flow_comp_m_y	0.00316723
20274	81	M81:OPTICAL_FLOW.flow_comp_m_x	0.0149832
20274	81	M81:OPTICAL_FLOW.flow_comp_m_y	0.00942436
20369	81	M81:OPTICAL_FLOW.flow_comp_m_x	0.0142536
20369	81	M81:OPTICAL_FLOW.flow_comp_m_y	0.0147669
20470	81	M81:OPTICAL_FLOW.flow_comp_m_x	0.0136767
20470	81	M81:OPTICAL_FLOW.flow_comp_m_y	0.0131628
20571	81	M81:OPTICAL_FLOW.flow_comp_m_x	0.00850028
20571	81	M81:OPTICAL_FLOW.flow_comp_m_y	0.00634216
20664	81	M81:OPTICAL_FLOW.flow_comp_m_x	0.00585526
20664	81	M81:OPTICAL_FLOW.flow_comp_m_y	0.00777935
20765	81	M81:OPTICAL_FLOW.flow_comp_m_x	0.00840486
20765	81	M81:OPTICAL_FLOW.flow_comp_m_y	0.00957685
20865	81	M81:OPTICAL_FLOW.flow_comp_m_x	0.0105457
20865	81	M81:OPTICAL_FLOW.flow_comp_m_y	0.0118635
20960	81	M81:OPTICAL_FLOW.flow_comp_m_x	0.00728476
20960	81	M81:OPTICAL_FLOW.flow_comp_m_y	0.00725777
21061	81	M81:OPTICAL_FLOW.flow_comp_m_x	0.00623893
21061	81	M81:OPTICAL_FLOW.flow_comp_m_y	0.00499462
21161	81	M81:OPTICAL_FLOW.flow_comp_m_x	0.015728
21161	81	M81:OPTICAL_FLOW.flow_comp_m_y	0.0085238
21255	81	M81:OPTICAL_FLOW.flow_comp_m_x	0.0125477
21255	81	M81:OPTICAL_FLOW.flow_comp_m_y	0.0134717
21357	81	M81:OPTICAL_FLOW.flow_comp_m_x	0.0206803
21357	81	M81:OPTICAL_FLOW.flow_comp_m_y	0.0227831
21456	81	M81:OPTICAL_FLOW.flow_comp_m_x	0.0120547
21456	81	M81:OPTICAL_FLOW.flow_comp_m_y	0.0120865
21551	81	M81:OPTICAL_FLOW.flow_comp_m_x	0.00969497
21551	81	M81:OPTICAL_FLOW.flow_comp_m_y	0.0110712
21652	81	M81:OPTICAL_FLOW.flow_comp_m_x	0.00655434
21652	81	M81:OPTICAL_FLOW.flow_comp_m_y	0.0065407
21751	81	M81:OPTICAL_FLOW.flow_comp_m_x	0.00655299
21751	81	M81:OPTICAL_FLOW.flow_comp_m_y	0.00514246
21846	81	M81:OPTICAL_FLOW.flow_comp_m_x	0.00270106
21846	81	M81:OPTICAL_FLOW.flow_comp_m_y	0.00382334
21948	81	M81:OPTICAL_FLOW.flow_comp_m_x	0.00747514
21948	81	M81:OPTICAL_FLOW.flow_comp_m_y	0.00794981
22047	81	M81:OPTICAL_FLOW.flow_comp_m_x	0.0148138
22047	81	M81:OPTICAL_FLOW.flow_comp_m_y	0.0134476
22142	81	M81:OPTICAL_FLOW.flow_comp_m_x	0.0150365
22142	81	M81:OPTICAL_FLOW.flow_comp_m_y	0.00932845
22241	81	M81:OPTICAL_FLOW.flow_comp_m_x	0.0102345
22241	81	M81:OPTICAL_FLOW.flow_comp_m_y	0.00759491
22343	81	M81:OPTICAL_FLOW.flow_comp_m_x	0.00933118
22343	81	M81:OPTICAL_FLOW.flow_comp_m_y	0.0159861
22437	81	M81:OPTICAL_FLOW.flow_comp_m_x	0.00786017
22437	81	M81:OPTICAL_FLOW.flow_comp_m_y	0.00967398
22539	81	M81:OPTICAL_FLOW.flow_comp_m_x	0.0105659
22539	81	M81:OPTICAL_FLOW.flow_comp_m_y	0.0144644
22638	81	M81:OPTICAL_FLOW.flow_comp_m_x	0.00859843
22638	81	M81:OPTICAL_FLOW.flow_comp_m_y	0.0171312
22733	81	M81:OPTICAL_FLOW.flow_comp_m_x	0.00712354
22733	81	M81:OPTICAL_FLOW.flow_comp_m_y	0.00803561
22834	81	M81:OPTICAL_FLOW.flow_comp_m_x	0.00203024
22834	81	M81:OPTICAL_FLOW.flow_comp_m_y	0.00114678
22927	81	M81:OPTICAL_FLOW.flow_comp_m_x	0.00774284
22927	81	M81:OPTICAL_FLOW.flow_comp_m_y	0.00809
23027	81	M81:OPTICAL_FLOW.flow_comp_m_x	0.0113535
23027	81	M81:OPTICAL_FLOW.flow_comp_m_y	0.0122187
23129	81	M81:OPTICAL_FLOW.flow_comp_m_x	0.013518
23129	81	M81:OPTICAL_FLOW.flow_comp_m_y	0.00708452
23223	81	M81:OPTICAL_FLOW.flow_comp_m_x	0.0141135
23223	81	M81:OPTICAL_FLOW.flow_comp_m_y	0.0154449
23324	81	M81:OPTICAL_FLOW.flow_comp_m_x	0.0111559
23324	81	M81:OPTICAL_FLOW.flow_comp_m_y	0.0109248
23424	81	M81:OPTICAL_FLOW.flow_comp_m_x	0.0108329
23424	81	M81:OPTICAL_FLOW.flow_comp_m_y	0.0102981
23518	81	M81:OPTICAL_FLOW.flow_comp_m_x	0.00812829
23518	81	M81:OPTICAL_FLOW.flow_comp_m_y	0.00802038
23620	81	M81:OPTICAL_FLOW.flow_comp_m_x	0.00561205
23620	81	M81:OPTICAL_FLOW.flow_comp_m_y	0.0074618
23721	81	M81:OPTICAL_FLOW.flow_comp_m_x	0.000813228
23721	81	M81:OPTICAL_FLOW.flow_comp_m_y	0.00201766
23814	81	M81:OPTICAL_FLOW.flow_comp_m_x	0.00951343
23814	81	M81:OPTICAL_FLOW.flow_comp_m_y	0.0095341
23915	81	M81:OPTICAL_FLOW.flow_comp_m_x	0.0138431
23915	81	M81:OPTICAL_FLOW.flow_comp_m_y	0.0150271
24016	81	M81:OPTICAL_FLOW.flow_comp_m_x	0.0122168
24016	81	M81:OPTICAL_FLOW.flow_comp_m_y	0.0120767
24109	81	M81:OPTICAL_FLOW.flow_comp_m_x	0.0116089
24109	81	M81:OPTICAL_FLOW.flow_comp_m_y	0.00743014
24211	81	M81:OPTICAL_FLOW.flow_comp_m_x	0.0113716
24211	81	M81:OPTICAL_FLOW.flow_comp_m_y	0.0130373
24311	81	M81:OPTICAL_FLOW.flow_comp_m_x	0.00980267
24311	81	M81:OPTICAL_FLOW.flow_comp_m_y	0.0114172
24405	81	M81:OPTICAL_FLOW.flow_comp_m_x	0.00925661
24405	81	M81:OPTICAL_FLOW.flow_comp_m_y	0.0100804
24507	81	M81:OPTICAL_FLOW.flow_comp_m_x	0.0062733
24507	81	M81:OPTICAL_FLOW.flow_comp_m_y	0.00890194
24607	81	M81:OPTICAL_FLOW.flow_comp_m_x	0.00257977
24607	81	M81:OPTICAL_FLOW.flow_comp_m_y	0.00473557
24701	81	M81:OPTICAL_FLOW.flow_comp_m_x	0.0102974
24701	81	M81:OPTICAL_FLOW.flow_comp_m_y	0.00990822
24802	81	M81:OPTICAL_FLOW.flow_comp_m_x	0.013956
24802	81	M81:OPTICAL_FLOW.flow_comp_m_y	0.0134972
24901	81	M81:OPTICAL_FLOW.flow_comp_m_x	0.0125394
24901	81	M81:OPTICAL_FLOW.flow_comp_m_y	0.0143505
24996	81	M81:OPTICAL_FLOW.flow_comp_m_x	0.0124986
24996	81	M81:OPTICAL_FLOW.flow_comp_m_y	0.00833616
25098	81	M81:OPTICAL_FLOW.flow_comp_m_x	0.0123393
25098	81	M81:OPTICAL_FLOW.flow_comp_m_y	0.0122669
25197	81	M81:OPTICAL_FLOW.flow_comp_m_x	0.0104134
25197	81	M81:OPTICAL_FLOW.flow_comp_m_y	0.0111095
25292	81	M81:OPTICAL_FLOW.flow_comp_m_x	0.0107851
25292	81	M81:OPTICAL_FLOW.flow_comp_m_y	0.0117839
25392	81	M81:OPTICAL_FLOW.flow_comp_m_x	0.0092603
25392	81	M81:OPTICAL_FLOW.flow_comp_m_y	0.0100079
25492	81	M81:OPTICAL_FLOW.flow_comp_m_x	0.00759955
25492	81	M81:OPTICAL_FLOW.flow_comp_m_y	0.0106874
25587	81	M81:OPTICAL_FLOW.flow_comp_m_x	0.00394591
25587	81	M81:OPTICAL_FLOW.flow_comp_m_y	0.00270089
25689	81	M81:OPTICAL_FLOW.flow_comp_m_x	0.0160355
25689	81	M81:OPTICAL_FLOW.flow_comp_m_y	0.0135822
25789	81	M81:OPTICAL_FLOW.flow_comp_m_x	0.0213219
25789	81	M81:OPTICAL_FLOW.flow_comp_m_y	0.01714
25883	81	M81:OPTICAL_FLOW.flow_comp_m_x	0.0195991
25883	81	M81:OPTICAL_FLOW.flow_comp_m_y	0.0124762
25984	81	M81:OPTICAL_FLOW.flow_comp_m_x	0.0169419
25984	81	M81:OPTICAL_FLOW.flow_comp_m_y	0.0189158
26077	81	M81:OPTICAL_FLOW.flow_comp_m_x	0.0107879
26077	81	M81:OPTICAL_FLOW.flow_comp_m_y	0.0130381
26178	81	M81:OPTICAL_FLOW.flow_comp_m_x	0.00933544
26178	81	M81:OPTICAL_FLOW.flow_comp_m_y	0.00861439
26280	81	M81:OPTICAL_FLOW.flow_comp_m_x	0.00222148
26280	81	M81:OPTICAL_FLOW.flow_comp_m_y	0.000618902
26372	81	M81:OPTICAL_FLOW.flow_comp_m_x	0.00800404
26372	81	M81:OPTICAL_FLOW.flow_comp_m_y	0.00795783
26474	81	M81:OPTICAL_FLOW.flow_comp_m_x	0.0163098
26474	81	M81:OPTICAL_FLOW.flow_comp_m_y	0.0165391
26574	81	M81:OPTICAL_FLOW.flow_comp_m_x	0.0162027
26574	81	M81:OPTICAL_FLOW.flow_comp_m_y	0.0158084
26668	81	M81:OPTICAL_FLOW.flow_comp_m_x	0.018976
26668	81	M81:OPTICAL_FLOW.flow_comp_m_y	0.023355
26770	81	M81:OPTICAL_FLOW.flow_comp_m_x	0.0151679
26770	81	M81:OPTICAL_FLOW.flow_comp_m_y	0.0125947
26869	81	M81:OPTICAL_FLOW.flow_comp_m_x	0.0241529
26869	81	M81:OPTICAL_FLOW.flow_comp_m_y	0.0180649
26964	81	M81:OPTICAL_FLOW.flow_comp_m_x	0.0048182
26964	81	M81:OPTICAL_FLOW.flow_comp_m_y	0.00251863
27065	81	M81:OPTICAL_FLOW.flow_comp_m_x	0.0212636
27065	81	M81:OPTICAL_FLOW.flow_comp_m_y	0.0175514
27167	81	M81:OPTICAL_FLOW.flow_comp_m_x	0.0285526
27167	81	M81:OPTICAL_FLOW.flow_comp_m_y	0.0164731
27259	81	M81:OPTICAL_FLOW.flow_comp_m_x	0.00717781
27259	81	M81:OPTICAL_FLOW.flow_comp_m_y	0.0108061
27361	81	M81:OPTICAL_FLOW.flow_comp_m_x	0.00750118
27361	81	M81:OPTICAL_FLOW.flow_comp_m_y	0.0109967
27460	81	M81:OPTICAL_FLOW.flow_comp_m_x	0.0179423
27460	81	M81:OPTICAL_FLOW.flow_comp_m_y	0.00115104
27555	81	M81:OPTICAL_FLOW.flow_comp_m_x	0.0120436
27555	81	M81:OPTICAL_FLOW.flow_comp_m_y	0.00936445
27656	81	M81:OPTICAL_FLOW.flow_comp_m_x	0.0161733
27656	81	M81:OPTICAL_FLOW.flow_comp_m_y	0.00856862
27756	81	M81:OPTICAL_FLOW.flow_comp_m_x	0.0265282
27756	81	M81:OPTICAL_FLOW.flow_comp_m_y	0.0138487
27850	81	M81:OPTICAL_FLOW.flow_comp_m_x	0.0348646
27850	81	M81:OPTICAL_FLOW.flow_comp_m_y	0.0117892
27952	81	M81:OPTICAL_FLOW.flow_comp_m_x	0.0228717
27952	81	M81:OPTICAL_FLOW.flow_comp_m_y	0.0170104
28052	81	M81:OPTICAL_FLOW.flow_comp_m_x	0.00691479
28052	81	M81:OPTICAL_FLOW.flow_comp_m_y	0.0039308
28146	81	M81:OPTICAL_FLOW.flow_comp_m_x	0.0051111
28146	81	M81:OPTICAL_FLOW.flow_comp_m_y	0.00265041
28247	81	M81:OPTICAL_FLOW.flow_comp_m_x	0.00682583
28247	81	M81:OPTICAL_FLOW.flow_comp_m_y	0.00653878
28347	81	M81:OPTICAL_FLOW.flow_comp_m_x	0.00679791
28347	81	M81:OPTICAL_FLOW.flow_comp_m_y	0.0315087
28442	81	M81:OPTICAL_FLOW.flow_comp_m_x	0.00627004
28442	81	M81:OPTICAL_FLOW.flow_comp_m_y	0.00568029
28543	81	M81:OPTICAL_FLOW.flow_comp_m_x	0.00209605
28543	81	M81:OPTICAL_FLOW.flow_comp_m_y	0.00365787
28642	81	M81:OPTICAL_FLOW.flow_comp_m_x	0.00124734
28642	81	M81:OPTICAL_FLOW.flow_comp_m_y	0.0016998
28737	81	M81:OPTICAL_FLOW.flow_comp_m_x	0.00176555
28737	81	M81:OPTICAL_FLOW.flow_comp_m_y	0.000725606
28837	81	M81:OPTICAL_FLOW.flow_comp_m_x	0.000587857
28837	81	M81:OPTICAL_FLOW.flow_comp_m_y	0.000127571
28938	81	M81:OPTICAL_FLOW.flow_comp_m_x	0.000719496
28938	81	M81:OPTICAL_FLOW.flow_comp_m_y	0.00395751
29033	81	M81:OPTICAL_FLOW.flow_comp_m_x	0.00105814
29033	81	M81:OPTICAL_FLOW.flow_comp_m_y	0.00119714
29134	81	M81:OPTICAL_FLOW.flow_comp_m_x	0.000989394
29134	81	M81:OPTICAL_FLOW.flow_comp_m_y	0.000847498
29227	81	M81:OPTICAL_FLOW.flow_comp_m_x	0.000367813
29227	81	M81:OPTICAL_FLOW.flow_comp_m_y	0.00105134
29328	81	M81:OPTICAL_FLOW.flow_comp_m_x	0.000568054
29328	81	M81:OPTICAL_FLOW.flow_comp_m_y	0.00183215
